This is pdfTeX, Version 3.141592653-2.6-1.40.25 (TeX Live 2023/nixos.org) (preloaded format=pdflatex 1980.1.1)  21 JUL 2024 23:58
entering extended mode
 restricted \write18 enabled.
 file:line:error style messages enabled.
 %&-line parsing enabled.
**seminar-hasil.tex
(./seminar-hasil.tex
LaTeX2e <2023-11-01> patch level 1
L3 programming layer <2024-02-20>
(./lib/skripsi.cls
Document Class: lib/skripsi 2020/03/11 Skripsi Class
(/nix/store/nn50xms44xc7fhb1cm6vicw77hpppxzl-texlive-2023-env-texmfdist/tex/latex/base/report.cls
Document Class: report 2023/05/17 v1.4n Standard LaTeX document class
(/nix/store/nn50xms44xc7fhb1cm6vicw77hpppxzl-texlive-2023-env-texmfdist/tex/latex/base/size12.clo
File: size12.clo 2023/05/17 v1.4n Standard LaTeX file (size option)
)
\c@part=\count188
\c@chapter=\count189
\c@section=\count190
\c@subsection=\count191
\c@subsubsection=\count192
\c@paragraph=\count193
\c@subparagraph=\count194
\c@figure=\count195
\c@table=\count196
\abovecaptionskip=\skip48
\belowcaptionskip=\skip49
\bibindent=\dimen140
) (/nix/store/nn50xms44xc7fhb1cm6vicw77hpppxzl-texlive-2023-env-texmfdist/tex/latex/tools/indentfirst.sty
Package: indentfirst 2023/07/02 v1.03 Indent first paragraph (DPC)
) (/nix/store/nn50xms44xc7fhb1cm6vicw77hpppxzl-texlive-2023-env-texmfdist/tex/latex/ragged2e/ragged2e.sty
Package: ragged2e 2023/06/22 v3.6 ragged2e Package
\CenteringLeftskip=\skip50
\RaggedLeftLeftskip=\skip51
\RaggedRightLeftskip=\skip52
\CenteringRightskip=\skip53
\RaggedLeftRightskip=\skip54
\RaggedRightRightskip=\skip55
\CenteringParfillskip=\skip56
\RaggedLeftParfillskip=\skip57
\RaggedRightParfillskip=\skip58
\JustifyingParfillskip=\skip59
\CenteringParindent=\skip60
\RaggedLeftParindent=\skip61
\RaggedRightParindent=\skip62
\JustifyingParindent=\skip63
) (/nix/store/nn50xms44xc7fhb1cm6vicw77hpppxzl-texlive-2023-env-texmfdist/tex/latex/hyphenat/hyphenat.sty
Package: hyphenat 2009/09/02 v2.3c hyphenation utilities
\langwohyphens=\language89
LaTeX Info: Redefining \_ on input line 43.
) (/nix/store/nn50xms44xc7fhb1cm6vicw77hpppxzl-texlive-2023-env-texmfdist/tex/latex/newtx/newtxtext.sty
Package: newtxtext 2024/02/08 v1.738(Michael Sharpe) latex and unicode latex support for TeXGyreTermesX
 `newtxtext' v1.738, 2024/02/08 Text macros taking advantage of TeXGyre Termes and its extensions (msharpe) (/nix/store/nn50xms44xc7fhb1cm6vicw77hpppxzl-texlive-2023-env-texmfdist/tex/latex/xpatch/xpatch.sty (/nix/store/nn50xms44xc7fhb1cm6vicw77hpppxzl-texlive-2023-env-texmfdist/tex/latex/l3kernel/expl3.sty
Package: expl3 2024-02-20 L3 programming layer (loader) 
 (/nix/store/nn50xms44xc7fhb1cm6vicw77hpppxzl-texlive-2023-env-texmfdist/tex/latex/l3backend/l3backend-pdftex.def
File: l3backend-pdftex.def 2024-02-20 L3 backend support: PDF output (pdfTeX)
\l__color_backend_stack_int=\count197
\l__pdf_internal_box=\box51
))
Package: xpatch 2020/03/25 v0.3a Extending etoolbox patching commands
 (/nix/store/nn50xms44xc7fhb1cm6vicw77hpppxzl-texlive-2023-env-texmfdist/tex/latex/l3packages/xparse/xparse.sty
Package: xparse 2024-02-18 L3 Experimental document command parser
) (/nix/store/nn50xms44xc7fhb1cm6vicw77hpppxzl-texlive-2023-env-texmfdist/tex/latex/etoolbox/etoolbox.sty
Package: etoolbox 2020/10/05 v2.5k e-TeX tools for LaTeX (JAW)
\etb@tempcnta=\count198
)) (/nix/store/nn50xms44xc7fhb1cm6vicw77hpppxzl-texlive-2023-env-texmfdist/tex/latex/xcolor/xcolor.sty
Package: xcolor 2023/11/15 v3.01 LaTeX color extensions (UK)
 (/nix/store/nn50xms44xc7fhb1cm6vicw77hpppxzl-texlive-2023-env-texmfdist/tex/latex/graphics-cfg/color.cfg
File: color.cfg 2016/01/02 v1.6 sample color configuration
)
Package xcolor Info: Driver file: pdftex.def on input line 274.
 (/nix/store/nn50xms44xc7fhb1cm6vicw77hpppxzl-texlive-2023-env-texmfdist/tex/latex/graphics-def/pdftex.def
File: pdftex.def 2022/09/22 v1.2b Graphics/color driver for pdftex
) (/nix/store/nn50xms44xc7fhb1cm6vicw77hpppxzl-texlive-2023-env-texmfdist/tex/latex/graphics/mathcolor.ltx)
Package xcolor Info: Model `cmy' substituted by `cmy0' on input line 1350.
Package xcolor Info: Model `hsb' substituted by `rgb' on input line 1354.
Package xcolor Info: Model `RGB' extended on input line 1366.
Package xcolor Info: Model `HTML' substituted by `rgb' on input line 1368.
Package xcolor Info: Model `Hsb' substituted by `hsb' on input line 1369.
Package xcolor Info: Model `tHsb' substituted by `hsb' on input line 1370.
Package xcolor Info: Model `HSB' substituted by `hsb' on input line 1371.
Package xcolor Info: Model `Gray' substituted by `gray' on input line 1372.
Package xcolor Info: Model `wave' substituted by `hsb' on input line 1373.
) (/nix/store/nn50xms44xc7fhb1cm6vicw77hpppxzl-texlive-2023-env-texmfdist/tex/generic/iftex/iftex.sty
Package: iftex 2022/02/03 v1.0f TeX engine tests
) (/nix/store/nn50xms44xc7fhb1cm6vicw77hpppxzl-texlive-2023-env-texmfdist/tex/latex/xkeyval/xkeyval.sty
Package: xkeyval 2022/06/16 v2.9 package option processing (HA)
 (/nix/store/nn50xms44xc7fhb1cm6vicw77hpppxzl-texlive-2023-env-texmfdist/tex/generic/xkeyval/xkeyval.tex (/nix/store/nn50xms44xc7fhb1cm6vicw77hpppxzl-texlive-2023-env-texmfdist/tex/generic/xkeyval/xkvutils.tex
\XKV@toks=\toks17
\XKV@tempa@toks=\toks18

(/nix/store/nn50xms44xc7fhb1cm6vicw77hpppxzl-texlive-2023-env-texmfdist/tex/generic/xkeyval/keyval.tex))
\XKV@depth=\count199
File: xkeyval.tex 2014/12/03 v2.7a key=value parser (HA)
)) (/nix/store/nn50xms44xc7fhb1cm6vicw77hpppxzl-texlive-2023-env-texmfdist/tex/latex/base/textcomp.sty
Package: textcomp 2020/02/02 v2.0n Standard LaTeX package
) (/nix/store/nn50xms44xc7fhb1cm6vicw77hpppxzl-texlive-2023-env-texmfdist/tex/generic/xstring/xstring.sty (/nix/store/nn50xms44xc7fhb1cm6vicw77hpppxzl-texlive-2023-env-texmfdist/tex/generic/xstring/xstring.tex
\xs_counta=\count266
\xs_countb=\count267
)
Package: xstring 2023/08/22 v1.86 String manipulations (CT)
) (/nix/store/nn50xms44xc7fhb1cm6vicw77hpppxzl-texlive-2023-env-texmfdist/tex/latex/base/ifthen.sty
Package: ifthen 2022/04/13 v1.1d Standard LaTeX ifthen package (DPC)
) (/nix/store/nn50xms44xc7fhb1cm6vicw77hpppxzl-texlive-2023-env-texmfdist/tex/latex/carlisle/scalefnt.sty)
LaTeX Font Info:    Setting ntxLF sub-encoding to TS1/0 on input line 24.
LaTeX Font Info:    Setting ntxTLF sub-encoding to TS1/0 on input line 24.
LaTeX Font Info:    Setting ntxOsF sub-encoding to TS1/0 on input line 24.
LaTeX Font Info:    Setting ntxTOsF sub-encoding to TS1/0 on input line 24.
 (/nix/store/nn50xms44xc7fhb1cm6vicw77hpppxzl-texlive-2023-env-texmfdist/tex/generic/kastrup/binhex.tex)
\ntx@tmpcnta=\count268
\ntx@cnt=\count269
 (/nix/store/nn50xms44xc7fhb1cm6vicw77hpppxzl-texlive-2023-env-texmfdist/tex/latex/fontaxes/fontaxes.sty
Package: fontaxes 2020/07/21 v1.0e Font selection axes
LaTeX Info: Redefining \upshape on input line 29.
LaTeX Info: Redefining \itshape on input line 31.
LaTeX Info: Redefining \slshape on input line 33.
LaTeX Info: Redefining \swshape on input line 35.
LaTeX Info: Redefining \scshape on input line 37.
LaTeX Info: Redefining \sscshape on input line 39.
LaTeX Info: Redefining \ulcshape on input line 41.
LaTeX Info: Redefining \textsw on input line 47.
LaTeX Info: Redefining \textssc on input line 48.
LaTeX Info: Redefining \textulc on input line 49.
)
\tx@sixem=\dimen141
\tx@y=\dimen142
\tx@x=\dimen143
\tx@tmpdima=\dimen144
\tx@tmpdimb=\dimen145
\tx@tmpdimc=\dimen146
\tx@tmpdimd=\dimen147
\tx@tmpdime=\dimen148
\tx@tmpdimf=\dimen149
\tx@dimA=\dimen150
\tx@dimAA=\dimen151
\tx@dimB=\dimen152
\tx@dimBB=\dimen153
\tx@dimC=\dimen154
LaTeX Info: Redefining \oldstylenums on input line 896.
) (/nix/store/nn50xms44xc7fhb1cm6vicw77hpppxzl-texlive-2023-env-texmfdist/tex/latex/newtx/newtxmath.sty
Package: newtxmath 2024/03/06 v1.742
 `newtxmath' v1.742, 2024/03/06 Math macros based originally on txfonts (msharpe) (/nix/store/nn50xms44xc7fhb1cm6vicw77hpppxzl-texlive-2023-env-texmfdist/tex/latex/amsmath/amsmath.sty
Package: amsmath 2023/05/13 v2.17o AMS math features
\@mathmargin=\skip64

For additional information on amsmath, use the `?' option.
(/nix/store/nn50xms44xc7fhb1cm6vicw77hpppxzl-texlive-2023-env-texmfdist/tex/latex/amsmath/amstext.sty
Package: amstext 2021/08/26 v2.01 AMS text
 (/nix/store/nn50xms44xc7fhb1cm6vicw77hpppxzl-texlive-2023-env-texmfdist/tex/latex/amsmath/amsgen.sty
File: amsgen.sty 1999/11/30 v2.0 generic functions
\@emptytoks=\toks19
\ex@=\dimen155
)) (/nix/store/nn50xms44xc7fhb1cm6vicw77hpppxzl-texlive-2023-env-texmfdist/tex/latex/amsmath/amsbsy.sty
Package: amsbsy 1999/11/29 v1.2d Bold Symbols
\pmbraise@=\dimen156
) (/nix/store/nn50xms44xc7fhb1cm6vicw77hpppxzl-texlive-2023-env-texmfdist/tex/latex/amsmath/amsopn.sty
Package: amsopn 2022/04/08 v2.04 operator names
)
\inf@bad=\count270
LaTeX Info: Redefining \frac on input line 234.
\uproot@=\count271
\leftroot@=\count272
LaTeX Info: Redefining \overline on input line 399.
LaTeX Info: Redefining \colon on input line 410.
\classnum@=\count273
\DOTSCASE@=\count274
LaTeX Info: Redefining \ldots on input line 496.
LaTeX Info: Redefining \dots on input line 499.
LaTeX Info: Redefining \cdots on input line 620.
\Mathstrutbox@=\box52
\strutbox@=\box53
LaTeX Info: Redefining \big on input line 722.
LaTeX Info: Redefining \Big on input line 723.
LaTeX Info: Redefining \bigg on input line 724.
LaTeX Info: Redefining \Bigg on input line 725.
\big@size=\dimen157
LaTeX Font Info:    Redeclaring font encoding OML on input line 743.
LaTeX Font Info:    Redeclaring font encoding OMS on input line 744.
\macc@depth=\count275
LaTeX Info: Redefining \bmod on input line 905.
LaTeX Info: Redefining \pmod on input line 910.
LaTeX Info: Redefining \smash on input line 940.
LaTeX Info: Redefining \relbar on input line 970.
LaTeX Info: Redefining \Relbar on input line 971.
\c@MaxMatrixCols=\count276
\dotsspace@=\muskip16
\c@parentequation=\count277
\dspbrk@lvl=\count278
\tag@help=\toks20
\row@=\count279
\column@=\count280
\maxfields@=\count281
\andhelp@=\toks21
\eqnshift@=\dimen158
\alignsep@=\dimen159
\tagshift@=\dimen160
\tagwidth@=\dimen161
\totwidth@=\dimen162
\lineht@=\dimen163
\@envbody=\toks22
\multlinegap=\skip65
\multlinetaggap=\skip66
\mathdisplay@stack=\toks23
LaTeX Info: Redefining \[ on input line 2953.
LaTeX Info: Redefining \] on input line 2954.
) (/nix/store/nn50xms44xc7fhb1cm6vicw77hpppxzl-texlive-2023-env-texmfdist/tex/latex/oberdiek/centernot.sty
Package: centernot 2016/05/16 v1.4 Centers the not symbol horizontally (HO)
)
\tx@cntz=\count282
 (/nix/store/nn50xms44xc7fhb1cm6vicw77hpppxzl-texlive-2023-env-texmfdist/tex/generic/kastrup/binhex.tex)
\tx@Isdigit=\count283
\tx@IsAlNum=\count284
\tx@tA=\toks24
\tx@tB=\toks25
\tx@su=\read2

amsthm NOT loaded
LaTeX Font Info:    Redeclaring symbol font `operators' on input line 393.
LaTeX Font Info:    Overwriting symbol font `operators' in version `normal'
(Font)                  OT1/cmr/m/n --> OT1/minntx/m/n on input line 393.
LaTeX Font Info:    Overwriting symbol font `operators' in version `bold'
(Font)                  OT1/cmr/bx/n --> OT1/minntx/m/n on input line 393.
LaTeX Font Info:    Overwriting symbol font `operators' in version `bold'
(Font)                  OT1/minntx/m/n --> OT1/minntx/b/n on input line 394.
LaTeX Font Info:    Redeclaring math alphabet \mathsf on input line 401.
LaTeX Font Info:    Overwriting math alphabet `\mathsf' in version `normal'
(Font)                  OT1/cmss/m/n --> OT1/qhv/m/n on input line 401.
LaTeX Font Info:    Overwriting math alphabet `\mathsf' in version `bold'
(Font)                  OT1/cmss/bx/n --> OT1/qhv/m/n on input line 401.
LaTeX Font Info:    Overwriting math alphabet `\mathsf' in version `bold'
(Font)                  OT1/qhv/m/n --> OT1/qhv/b/n on input line 403.
LaTeX Font Info:    Redeclaring math alphabet \mathit on input line 410.
LaTeX Font Info:    Overwriting math alphabet `\mathit' in version `normal'
(Font)                  OT1/cmr/m/it --> OT1/minntx/m/it on input line 410.
LaTeX Font Info:    Overwriting math alphabet `\mathit' in version `bold'
(Font)                  OT1/cmr/bx/it --> OT1/minntx/m/it on input line 410.
LaTeX Font Info:    Redeclaring math alphabet \mathtt on input line 411.
LaTeX Font Info:    Overwriting math alphabet `\mathtt' in version `normal'
(Font)                  OT1/cmtt/m/n --> OT1/ntxtt/m/n on input line 411.
LaTeX Font Info:    Overwriting math alphabet `\mathtt' in version `bold'
(Font)                  OT1/cmtt/m/n --> OT1/ntxtt/m/n on input line 411.
LaTeX Font Info:    Redeclaring math alphabet \mathbf on input line 413.
LaTeX Font Info:    Overwriting math alphabet `\mathbf' in version `normal'
(Font)                  OT1/cmr/bx/n --> OT1/minntx/b/n on input line 413.
LaTeX Font Info:    Overwriting math alphabet `\mathbf' in version `bold'
(Font)                  OT1/cmr/bx/n --> OT1/minntx/b/n on input line 413.
LaTeX Font Info:    Overwriting math alphabet `\mathit' in version `bold'
(Font)                  OT1/minntx/m/it --> OT1/minntx/b/it on input line 414.
LaTeX Font Info:    Overwriting math alphabet `\mathtt' in version `bold'
(Font)                  OT1/ntxtt/m/n --> OT1/ntxtt/b/n on input line 417.
LaTeX Font Info:    Redeclaring symbol font `letters' on input line 519.
LaTeX Font Info:    Overwriting symbol font `letters' in version `normal'
(Font)                  OML/cmm/m/it --> OML/ntxmi/m/it on input line 519.
LaTeX Font Info:    Overwriting symbol font `letters' in version `bold'
(Font)                  OML/cmm/b/it --> OML/ntxmi/m/it on input line 519.
LaTeX Font Info:    Overwriting symbol font `letters' in version `bold'
(Font)                  OML/ntxmi/m/it --> OML/ntxmi/b/it on input line 520.
\symlettersA=\mathgroup4
LaTeX Font Info:    Overwriting symbol font `lettersA' in version `bold'
(Font)                  U/ntxmia/m/it --> U/ntxmia/b/it on input line 565.
Now handling font encoding LMS ...
... no UTF-8 mapping file for font encoding LMS
LaTeX Font Info:    Redeclaring symbol font `symbols' on input line 587.
LaTeX Font Info:    Encoding `OMS' has changed to `LMS' for symbol font
(Font)              `symbols' in the math version `normal' on input line 587.
LaTeX Font Info:    Overwriting symbol font `symbols' in version `normal'
(Font)                  OMS/cmsy/m/n --> LMS/ntxsy/m/n on input line 587.
LaTeX Font Info:    Encoding `OMS' has changed to `LMS' for symbol font
(Font)              `symbols' in the math version `bold' on input line 587.
LaTeX Font Info:    Overwriting symbol font `symbols' in version `bold'
(Font)                  OMS/cmsy/b/n --> LMS/ntxsy/m/n on input line 587.
LaTeX Font Info:    Overwriting symbol font `symbols' in version `bold'
(Font)                  LMS/ntxsy/m/n --> LMS/ntxsy/b/n on input line 588.
\symAMSm=\mathgroup5
LaTeX Font Info:    Overwriting symbol font `AMSm' in version `bold'
(Font)                  U/ntxsym/m/n --> U/ntxsym/b/n on input line 613.
\symsymbolsC=\mathgroup6
LaTeX Font Info:    Overwriting symbol font `symbolsC' in version `bold'
(Font)                  U/ntxsyc/m/n --> U/ntxsyc/b/n on input line 634.
Now handling font encoding LMX ...
... no UTF-8 mapping file for font encoding LMX
LaTeX Font Info:    Redeclaring symbol font `largesymbols' on input line 647.
LaTeX Font Info:    Encoding `OMX' has changed to `LMX' for symbol font
(Font)              `largesymbols' in the math version `normal' on input line 647.
LaTeX Font Info:    Overwriting symbol font `largesymbols' in version `normal'
(Font)                  OMX/cmex/m/n --> LMX/ntxexx/m/n on input line 647.
LaTeX Font Info:    Encoding `OMX' has changed to `LMX' for symbol font
(Font)              `largesymbols' in the math version `bold' on input line 647.
LaTeX Font Info:    Overwriting symbol font `largesymbols' in version `bold'
(Font)                  OMX/cmex/m/n --> LMX/ntxexx/m/n on input line 647.
LaTeX Font Info:    Overwriting symbol font `largesymbols' in version `bold'
(Font)                  LMX/ntxexx/m/n --> LMX/ntxexx/b/n on input line 648.
\symlargesymbolsTXA=\mathgroup7
LaTeX Font Info:    Overwriting symbol font `largesymbolsTXA' in version `bold'
(Font)                  U/ntxexa/m/n --> U/ntxexa/b/n on input line 662.
\tx@sbptoks=\toks26
LaTeX Font Info:    Redeclaring math delimiter \lfloor on input line 885.
LaTeX Font Info:    Redeclaring math delimiter \rfloor on input line 886.
LaTeX Font Info:    Redeclaring math delimiter \lceil on input line 887.
LaTeX Font Info:    Redeclaring math delimiter \rceil on input line 888.
LaTeX Font Info:    Redeclaring math delimiter \lbrace on input line 893.
LaTeX Font Info:    Redeclaring math delimiter \rbrace on input line 894.
LaTeX Font Info:    Redeclaring math delimiter \langle on input line 896.
LaTeX Font Info:    Redeclaring math delimiter \rangle on input line 898.
LaTeX Font Info:    Redeclaring math delimiter \arrowvert on input line 902.
LaTeX Font Info:    Redeclaring math delimiter \vert on input line 903.
LaTeX Font Info:    Redeclaring math symbol \hbar on input line 949.
LaTeX Font Info:    Redeclaring math accent \dot on input line 974.
LaTeX Font Info:    Redeclaring math accent \ddot on input line 975.
LaTeX Font Info:    Redeclaring math accent \vec on input line 2048.
LaTeX Info: Redefining \Bbbk on input line 2838.
LaTeX Info: Redefining \not on input line 2986.
) (/nix/store/nn50xms44xc7fhb1cm6vicw77hpppxzl-texlive-2023-env-texmfdist/tex/latex/graphics/graphicx.sty
Package: graphicx 2021/09/16 v1.2d Enhanced LaTeX Graphics (DPC,SPQR)
 (/nix/store/nn50xms44xc7fhb1cm6vicw77hpppxzl-texlive-2023-env-texmfdist/tex/latex/graphics/graphics.sty
Package: graphics 2022/03/10 v1.4e Standard LaTeX Graphics (DPC,SPQR)
 (/nix/store/nn50xms44xc7fhb1cm6vicw77hpppxzl-texlive-2023-env-texmfdist/tex/latex/graphics/trig.sty
Package: trig 2021/08/11 v1.11 sin cos tan (DPC)
) (/nix/store/nn50xms44xc7fhb1cm6vicw77hpppxzl-texlive-2023-env-texmfdist/tex/latex/graphics-cfg/graphics.cfg
File: graphics.cfg 2016/06/04 v1.11 sample graphics configuration
)
Package graphics Info: Driver file: pdftex.def on input line 107.
)
\Gin@req@height=\dimen164
\Gin@req@width=\dimen165
) (/nix/store/nn50xms44xc7fhb1cm6vicw77hpppxzl-texlive-2023-env-texmfdist/tex/latex/adjustbox/adjustbox.sty
Package: adjustbox 2022/10/17 v1.3a Adjusting TeX boxes (trim, clip, ...)
 (/nix/store/nn50xms44xc7fhb1cm6vicw77hpppxzl-texlive-2023-env-texmfdist/tex/latex/adjustbox/adjcalc.sty
Package: adjcalc 2012/05/16 v1.1 Provides advanced setlength with multiple back-ends (calc, etex, pgfmath)
) (/nix/store/nn50xms44xc7fhb1cm6vicw77hpppxzl-texlive-2023-env-texmfdist/tex/latex/adjustbox/trimclip.sty
Package: trimclip 2020/08/19 v1.2 Trim and clip general TeX material
 (/nix/store/nn50xms44xc7fhb1cm6vicw77hpppxzl-texlive-2023-env-texmfdist/tex/latex/collectbox/collectbox.sty
Package: collectbox 2022/10/17 v0.4c Collect macro arguments as boxes
\collectedbox=\box54
)
\tc@llx=\dimen166
\tc@lly=\dimen167
\tc@urx=\dimen168
\tc@ury=\dimen169
Package trimclip Info: Using driver 'tc-pdftex.def'.
 (/nix/store/nn50xms44xc7fhb1cm6vicw77hpppxzl-texlive-2023-env-texmfdist/tex/latex/adjustbox/tc-pdftex.def
File: tc-pdftex.def 2019/01/04 v2.2 Clipping driver for pdftex
))
\adjbox@Width=\dimen170
\adjbox@Height=\dimen171
\adjbox@Depth=\dimen172
\adjbox@Totalheight=\dimen173
\adjbox@pwidth=\dimen174
\adjbox@pheight=\dimen175
\adjbox@pdepth=\dimen176
\adjbox@ptotalheight=\dimen177
 (/nix/store/nn50xms44xc7fhb1cm6vicw77hpppxzl-texlive-2023-env-texmfdist/tex/latex/ifoddpage/ifoddpage.sty
Package: ifoddpage 2022/10/18 v1.2 Conditionals for odd/even page detection
\c@checkoddpage=\count285
) (/nix/store/nn50xms44xc7fhb1cm6vicw77hpppxzl-texlive-2023-env-texmfdist/tex/latex/varwidth/varwidth.sty
Package: varwidth 2009/03/30 ver 0.92;  Variable-width minipages
\@vwid@box=\box55
\sift@deathcycles=\count286
\@vwid@loff=\dimen178
\@vwid@roff=\dimen179
)) (/nix/store/nn50xms44xc7fhb1cm6vicw77hpppxzl-texlive-2023-env-texmfdist/tex/latex/colortbl/colortbl.sty
Package: colortbl 2024/02/20 v1.0g Color table columns (DPC)
 (/nix/store/nn50xms44xc7fhb1cm6vicw77hpppxzl-texlive-2023-env-texmfdist/tex/latex/tools/array.sty
Package: array 2023/10/16 v2.5g Tabular extension package (FMi)
\col@sep=\dimen180
\ar@mcellbox=\box56
\extrarowheight=\dimen181
\NC@list=\toks27
\extratabsurround=\skip67
\backup@length=\skip68
\ar@cellbox=\box57
)
\everycr=\toks28
\minrowclearance=\skip69
\rownum=\count287
) (/nix/store/nn50xms44xc7fhb1cm6vicw77hpppxzl-texlive-2023-env-texmfdist/tex/latex/csvsimple/csvsimple.sty
Package: csvsimple 2024/01/19 v2.6.0 LaTeX CSV file processing
) (/nix/store/nn50xms44xc7fhb1cm6vicw77hpppxzl-texlive-2023-env-texmfdist/tex/latex/csvsimple/csvsimple-legacy.sty
Package: csvsimple-legacy 2024/01/19 version 2.6.0 LaTeX2e CSV file processing
 (/nix/store/nn50xms44xc7fhb1cm6vicw77hpppxzl-texlive-2023-env-texmfdist/tex/latex/pgf/utilities/pgfrcs.sty (/nix/store/nn50xms44xc7fhb1cm6vicw77hpppxzl-texlive-2023-env-texmfdist/tex/generic/pgf/utilities/pgfutil-common.tex
\pgfutil@everybye=\toks29
\pgfutil@tempdima=\dimen182
\pgfutil@tempdimb=\dimen183
) (/nix/store/nn50xms44xc7fhb1cm6vicw77hpppxzl-texlive-2023-env-texmfdist/tex/generic/pgf/utilities/pgfutil-latex.def
\pgfutil@abb=\box58
)
(/nix/store/nn50xms44xc7fhb1cm6vicw77hpppxzl-texlive-2023-env-texmfdist/tex/generic/pgf/utilities/pgfrcs.code.tex (/nix/store/nn50xms44xc7fhb1cm6vicw77hpppxzl-texlive-2023-env-texmfdist/tex/generic/pgf/pgf.revision.tex)
Package: pgfrcs 2023-01-15 v3.1.10 (3.1.10)
)) (/nix/store/nn50xms44xc7fhb1cm6vicw77hpppxzl-texlive-2023-env-texmfdist/tex/latex/pgf/utilities/pgfkeys.sty (/nix/store/nn50xms44xc7fhb1cm6vicw77hpppxzl-texlive-2023-env-texmfdist/tex/generic/pgf/utilities/pgfkeys.code.tex
\pgfkeys@pathtoks=\toks30
\pgfkeys@temptoks=\toks31
 (/nix/store/nn50xms44xc7fhb1cm6vicw77hpppxzl-texlive-2023-env-texmfdist/tex/generic/pgf/utilities/pgfkeyslibraryfiltered.code.tex
\pgfkeys@tmptoks=\toks32
))) (/nix/store/nn50xms44xc7fhb1cm6vicw77hpppxzl-texlive-2023-env-texmfdist/tex/latex/tools/shellesc.sty
Package: shellesc 2023/07/08 v1.0d unified shell escape interface for LaTeX
Package shellesc Info: Restricted shell escape enabled on input line 77.
)
\csv@file=\read3
\c@csvinputline=\count288
\c@csvrow=\count289
\c@csvcol=\count290
\csv@out=\write3
) (/nix/store/nn50xms44xc7fhb1cm6vicw77hpppxzl-texlive-2023-env-texmfdist/tex/latex/setspace/setspace.sty
Package: setspace 2022/12/04 v6.7b set line spacing
) (/nix/store/nn50xms44xc7fhb1cm6vicw77hpppxzl-texlive-2023-env-texmfdist/tex/latex/tocloft/tocloft.sty
Package: tocloft 2017/08/31 v2.3i parameterised ToC, etc., typesetting
Package tocloft Info: The document has chapter divisions on input line 51.
\cftparskip=\skip70
\cftbeforetoctitleskip=\skip71
\cftaftertoctitleskip=\skip72
\cftbeforepartskip=\skip73
\cftpartnumwidth=\skip74
\cftpartindent=\skip75
\cftbeforechapskip=\skip76
\cftchapindent=\skip77
\cftchapnumwidth=\skip78
\cftbeforesecskip=\skip79
\cftsecindent=\skip80
\cftsecnumwidth=\skip81
\cftbeforesubsecskip=\skip82
\cftsubsecindent=\skip83
\cftsubsecnumwidth=\skip84
\cftbeforesubsubsecskip=\skip85
\cftsubsubsecindent=\skip86
\cftsubsubsecnumwidth=\skip87
\cftbeforeparaskip=\skip88
\cftparaindent=\skip89
\cftparanumwidth=\skip90
\cftbeforesubparaskip=\skip91
\cftsubparaindent=\skip92
\cftsubparanumwidth=\skip93
\cftbeforeloftitleskip=\skip94
\cftafterloftitleskip=\skip95
\cftbeforefigskip=\skip96
\cftfigindent=\skip97
\cftfignumwidth=\skip98
\c@lofdepth=\count291
\c@lotdepth=\count292
\cftbeforelottitleskip=\skip99
\cftafterlottitleskip=\skip100
\cftbeforetabskip=\skip101
\cfttabindent=\skip102
\cfttabnumwidth=\skip103
) (/nix/store/nn50xms44xc7fhb1cm6vicw77hpppxzl-texlive-2023-env-texmfdist/tex/latex/fancyhdr/fancyhdr.sty
Package: fancyhdr 2022/11/09 v4.1 Extensive control of page headers and footers
\f@nch@headwidth=\skip104
\f@nch@O@elh=\skip105
\f@nch@O@erh=\skip106
\f@nch@O@olh=\skip107
\f@nch@O@orh=\skip108
\f@nch@O@elf=\skip109
\f@nch@O@erf=\skip110
\f@nch@O@olf=\skip111
\f@nch@O@orf=\skip112
) (/nix/store/nn50xms44xc7fhb1cm6vicw77hpppxzl-texlive-2023-env-texmfdist/tex/latex/hyperref/hyperref.sty
Package: hyperref 2024-01-20 v7.01h Hypertext links for LaTeX
 (/nix/store/nn50xms44xc7fhb1cm6vicw77hpppxzl-texlive-2023-env-texmfdist/tex/latex/kvsetkeys/kvsetkeys.sty
Package: kvsetkeys 2022-10-05 v1.19 Key value parser (HO)
) (/nix/store/nn50xms44xc7fhb1cm6vicw77hpppxzl-texlive-2023-env-texmfdist/tex/generic/kvdefinekeys/kvdefinekeys.sty
Package: kvdefinekeys 2019-12-19 v1.6 Define keys (HO)
) (/nix/store/nn50xms44xc7fhb1cm6vicw77hpppxzl-texlive-2023-env-texmfdist/tex/generic/pdfescape/pdfescape.sty
Package: pdfescape 2019/12/09 v1.15 Implements pdfTeX's escape features (HO)
 (/nix/store/nn50xms44xc7fhb1cm6vicw77hpppxzl-texlive-2023-env-texmfdist/tex/generic/ltxcmds/ltxcmds.sty
Package: ltxcmds 2023-12-04 v1.26 LaTeX kernel commands for general use (HO)
) (/nix/store/nn50xms44xc7fhb1cm6vicw77hpppxzl-texlive-2023-env-texmfdist/tex/generic/pdftexcmds/pdftexcmds.sty
Package: pdftexcmds 2020-06-27 v0.33 Utility functions of pdfTeX for LuaTeX (HO)
 (/nix/store/nn50xms44xc7fhb1cm6vicw77hpppxzl-texlive-2023-env-texmfdist/tex/generic/infwarerr/infwarerr.sty
Package: infwarerr 2019/12/03 v1.5 Providing info/warning/error messages (HO)
)
Package pdftexcmds Info: \pdf@primitive is available.
Package pdftexcmds Info: \pdf@ifprimitive is available.
Package pdftexcmds Info: \pdfdraftmode found.
)) (/nix/store/nn50xms44xc7fhb1cm6vicw77hpppxzl-texlive-2023-env-texmfdist/tex/latex/hycolor/hycolor.sty
Package: hycolor 2020-01-27 v1.10 Color options for hyperref/bookmark (HO)
) (/nix/store/nn50xms44xc7fhb1cm6vicw77hpppxzl-texlive-2023-env-texmfdist/tex/latex/auxhook/auxhook.sty
Package: auxhook 2019-12-17 v1.6 Hooks for auxiliary files (HO)
)
(/nix/store/nn50xms44xc7fhb1cm6vicw77hpppxzl-texlive-2023-env-texmfdist/tex/latex/hyperref/nameref.sty
Package: nameref 2023-11-26 v2.56 Cross-referencing by name of section
 (/nix/store/nn50xms44xc7fhb1cm6vicw77hpppxzl-texlive-2023-env-texmfdist/tex/latex/refcount/refcount.sty
Package: refcount 2019/12/15 v3.6 Data extraction from label references (HO)
) (/nix/store/nn50xms44xc7fhb1cm6vicw77hpppxzl-texlive-2023-env-texmfdist/tex/generic/gettitlestring/gettitlestring.sty
Package: gettitlestring 2019/12/15 v1.6 Cleanup title references (HO)
 (/nix/store/nn50xms44xc7fhb1cm6vicw77hpppxzl-texlive-2023-env-texmfdist/tex/latex/kvoptions/kvoptions.sty
Package: kvoptions 2022-06-15 v3.15 Key value format for package options (HO)
))
\c@section@level=\count293
)
\@linkdim=\dimen184
\Hy@linkcounter=\count294
\Hy@pagecounter=\count295
 (/nix/store/nn50xms44xc7fhb1cm6vicw77hpppxzl-texlive-2023-env-texmfdist/tex/latex/hyperref/pd1enc.def
File: pd1enc.def 2024-01-20 v7.01h Hyperref: PDFDocEncoding definition (HO)
Now handling font encoding PD1 ...
... no UTF-8 mapping file for font encoding PD1
) (/nix/store/nn50xms44xc7fhb1cm6vicw77hpppxzl-texlive-2023-env-texmfdist/tex/generic/intcalc/intcalc.sty
Package: intcalc 2019/12/15 v1.3 Expandable calculations with integers (HO)
)
\Hy@SavedSpaceFactor=\count296
 (/nix/store/nn50xms44xc7fhb1cm6vicw77hpppxzl-texlive-2023-env-texmfdist/tex/latex/hyperref/puenc.def
File: puenc.def 2024-01-20 v7.01h Hyperref: PDF Unicode definition (HO)
Now handling font encoding PU ...
... no UTF-8 mapping file for font encoding PU
)
Package hyperref Info: Option `bookmarks' set `true' on input line 4062.
Package hyperref Info: Hyper figures OFF on input line 4179.
Package hyperref Info: Link nesting OFF on input line 4184.
Package hyperref Info: Hyper index ON on input line 4187.
Package hyperref Info: Plain pages OFF on input line 4194.
Package hyperref Info: Backreferencing OFF on input line 4199.
Package hyperref Info: Implicit mode ON; LaTeX internals redefined.
Package hyperref Info: Bookmarks ON on input line 4446.
\c@Hy@tempcnt=\count297
 (/nix/store/nn50xms44xc7fhb1cm6vicw77hpppxzl-texlive-2023-env-texmfdist/tex/latex/url/url.sty
\Urlmuskip=\muskip17
Package: url 2013/09/16  ver 3.4  Verb mode for urls, etc.
)
LaTeX Info: Redefining \url on input line 4784.
\XeTeXLinkMargin=\dimen185
 (/nix/store/nn50xms44xc7fhb1cm6vicw77hpppxzl-texlive-2023-env-texmfdist/tex/generic/bitset/bitset.sty
Package: bitset 2019/12/09 v1.3 Handle bit-vector datatype (HO)
 (/nix/store/nn50xms44xc7fhb1cm6vicw77hpppxzl-texlive-2023-env-texmfdist/tex/generic/bigintcalc/bigintcalc.sty
Package: bigintcalc 2019/12/15 v1.5 Expandable calculations on big integers (HO)
))
\Fld@menulength=\count298
\Field@Width=\dimen186
\Fld@charsize=\dimen187
Package hyperref Info: Hyper figures OFF on input line 6063.
Package hyperref Info: Link nesting OFF on input line 6068.
Package hyperref Info: Hyper index ON on input line 6071.
Package hyperref Info: backreferencing OFF on input line 6078.
Package hyperref Info: Link coloring OFF on input line 6083.
Package hyperref Info: Link coloring with OCG OFF on input line 6088.
Package hyperref Info: PDF/A mode OFF on input line 6093.
 (/nix/store/nn50xms44xc7fhb1cm6vicw77hpppxzl-texlive-2023-env-texmfdist/tex/latex/base/atbegshi-ltx.sty
Package: atbegshi-ltx 2021/01/10 v1.0c Emulation of the original atbegshi
package with kernel methods
)
\Hy@abspage=\count299
\c@Item=\count300
\c@Hfootnote=\count301
)
Package hyperref Info: Driver: hpdftex.
 (/nix/store/nn50xms44xc7fhb1cm6vicw77hpppxzl-texlive-2023-env-texmfdist/tex/latex/hyperref/hpdftex.def
File: hpdftex.def 2024-01-20 v7.01h Hyperref driver for pdfTeX
 (/nix/store/nn50xms44xc7fhb1cm6vicw77hpppxzl-texlive-2023-env-texmfdist/tex/latex/base/atveryend-ltx.sty
Package: atveryend-ltx 2020/08/19 v1.0a Emulation of the original atveryend package
with kernel methods
)
\Fld@listcount=\count302
\c@bookmark@seq@number=\count303
 (/nix/store/nn50xms44xc7fhb1cm6vicw77hpppxzl-texlive-2023-env-texmfdist/tex/latex/rerunfilecheck/rerunfilecheck.sty
Package: rerunfilecheck 2022-07-10 v1.10 Rerun checks for auxiliary files (HO)
 (/nix/store/nn50xms44xc7fhb1cm6vicw77hpppxzl-texlive-2023-env-texmfdist/tex/generic/uniquecounter/uniquecounter.sty
Package: uniquecounter 2019/12/15 v1.4 Provide unlimited unique counter (HO)
)
Package uniquecounter Info: New unique counter `rerunfilecheck' on input line 285.
)
\Hy@SectionHShift=\skip113
) (/nix/store/nn50xms44xc7fhb1cm6vicw77hpppxzl-texlive-2023-env-texmfdist/tex/latex/chngcntr/chngcntr.sty
Package: chngcntr 2018/04/09 v1.1a change counter resetting
Package chngcntr Info: \counterwithout already defined.
(chngcntr)             Quitting chngcntr on input line 21.
) (/nix/store/nn50xms44xc7fhb1cm6vicw77hpppxzl-texlive-2023-env-texmfdist/tex/latex/caption/caption.sty
Package: caption 2023/08/05 v3.6o Customizing captions (AR)
 (/nix/store/nn50xms44xc7fhb1cm6vicw77hpppxzl-texlive-2023-env-texmfdist/tex/latex/caption/caption3.sty
Package: caption3 2023/07/31 v2.4d caption3 kernel (AR)
\caption@tempdima=\dimen188
\captionmargin=\dimen189
\caption@leftmargin=\dimen190
\caption@rightmargin=\dimen191
\caption@width=\dimen192
\caption@indent=\dimen193
\caption@parindent=\dimen194
\caption@hangindent=\dimen195
Package caption Info: Standard document class detected.
)
\c@caption@flags=\count304
\c@continuedfloat=\count305
Package caption Info: hyperref package is loaded.
)
(/nix/store/nn50xms44xc7fhb1cm6vicw77hpppxzl-texlive-2023-env-texmfdist/tex/latex/enumitem/enumitem.sty
Package: enumitem 2019/06/20 v3.9 Customized lists
\enitkv@toks@=\toks33
\labelindent=\skip114
\enit@outerparindent=\dimen196
\enit@toks=\toks34
\enit@inbox=\box59
\enit@count@id=\count306
\enitdp@description=\count307
) (/nix/store/nn50xms44xc7fhb1cm6vicw77hpppxzl-texlive-2023-env-texmfdist/tex/latex/background/background.sty
Package: background 2014/03/04 v2.1 background material
 (/nix/store/nn50xms44xc7fhb1cm6vicw77hpppxzl-texlive-2023-env-texmfdist/tex/latex/pgf/frontendlayer/tikz.sty (/nix/store/nn50xms44xc7fhb1cm6vicw77hpppxzl-texlive-2023-env-texmfdist/tex/latex/pgf/basiclayer/pgf.sty
Package: pgf 2023-01-15 v3.1.10 (3.1.10)
 (/nix/store/nn50xms44xc7fhb1cm6vicw77hpppxzl-texlive-2023-env-texmfdist/tex/latex/pgf/basiclayer/pgfcore.sty (/nix/store/nn50xms44xc7fhb1cm6vicw77hpppxzl-texlive-2023-env-texmfdist/tex/latex/pgf/systemlayer/pgfsys.sty (/nix/store/nn50xms44xc7fhb1cm6vicw77hpppxzl-texlive-2023-env-texmfdist/tex/generic/pgf/systemlayer/pgfsys.code.tex
Package: pgfsys 2023-01-15 v3.1.10 (3.1.10)
\pgf@x=\dimen197
\pgf@y=\dimen198
\pgf@xa=\dimen199
\pgf@ya=\dimen256
\pgf@xb=\dimen257
\pgf@yb=\dimen258
\pgf@xc=\dimen259
\pgf@yc=\dimen260
\pgf@xd=\dimen261
\pgf@yd=\dimen262
\w@pgf@writea=\write4
\r@pgf@reada=\read4
\c@pgf@counta=\count308
\c@pgf@countb=\count309
\c@pgf@countc=\count310
\c@pgf@countd=\count311
\t@pgf@toka=\toks35
\t@pgf@tokb=\toks36
\t@pgf@tokc=\toks37
\pgf@sys@id@count=\count312
 (/nix/store/nn50xms44xc7fhb1cm6vicw77hpppxzl-texlive-2023-env-texmfdist/tex/generic/pgf/systemlayer/pgf.cfg
File: pgf.cfg 2023-01-15 v3.1.10 (3.1.10)
)
Driver file for pgf: pgfsys-pdftex.def
 (/nix/store/nn50xms44xc7fhb1cm6vicw77hpppxzl-texlive-2023-env-texmfdist/tex/generic/pgf/systemlayer/pgfsys-pdftex.def
File: pgfsys-pdftex.def 2023-01-15 v3.1.10 (3.1.10)
 (/nix/store/nn50xms44xc7fhb1cm6vicw77hpppxzl-texlive-2023-env-texmfdist/tex/generic/pgf/systemlayer/pgfsys-common-pdf.def
File: pgfsys-common-pdf.def 2023-01-15 v3.1.10 (3.1.10)
))) (/nix/store/nn50xms44xc7fhb1cm6vicw77hpppxzl-texlive-2023-env-texmfdist/tex/generic/pgf/systemlayer/pgfsyssoftpath.code.tex
File: pgfsyssoftpath.code.tex 2023-01-15 v3.1.10 (3.1.10)
\pgfsyssoftpath@smallbuffer@items=\count313
\pgfsyssoftpath@bigbuffer@items=\count314
) (/nix/store/nn50xms44xc7fhb1cm6vicw77hpppxzl-texlive-2023-env-texmfdist/tex/generic/pgf/systemlayer/pgfsysprotocol.code.tex
File: pgfsysprotocol.code.tex 2023-01-15 v3.1.10 (3.1.10)
)) (/nix/store/nn50xms44xc7fhb1cm6vicw77hpppxzl-texlive-2023-env-texmfdist/tex/generic/pgf/basiclayer/pgfcore.code.tex
Package: pgfcore 2023-01-15 v3.1.10 (3.1.10)
 (/nix/store/nn50xms44xc7fhb1cm6vicw77hpppxzl-texlive-2023-env-texmfdist/tex/generic/pgf/math/pgfmath.code.tex (/nix/store/nn50xms44xc7fhb1cm6vicw77hpppxzl-texlive-2023-env-texmfdist/tex/generic/pgf/math/pgfmathutil.code.tex) (/nix/store/nn50xms44xc7fhb1cm6vicw77hpppxzl-texlive-2023-env-texmfdist/tex/generic/pgf/math/pgfmathparser.code.tex
\pgfmath@dimen=\dimen263
\pgfmath@count=\count315
\pgfmath@box=\box60
\pgfmath@toks=\toks38
\pgfmath@stack@operand=\toks39
\pgfmath@stack@operation=\toks40
) (/nix/store/nn50xms44xc7fhb1cm6vicw77hpppxzl-texlive-2023-env-texmfdist/tex/generic/pgf/math/pgfmathfunctions.code.tex)
(/nix/store/nn50xms44xc7fhb1cm6vicw77hpppxzl-texlive-2023-env-texmfdist/tex/generic/pgf/math/pgfmathfunctions.basic.code.tex) (/nix/store/nn50xms44xc7fhb1cm6vicw77hpppxzl-texlive-2023-env-texmfdist/tex/generic/pgf/math/pgfmathfunctions.trigonometric.code.tex) (/nix/store/nn50xms44xc7fhb1cm6vicw77hpppxzl-texlive-2023-env-texmfdist/tex/generic/pgf/math/pgfmathfunctions.random.code.tex) (/nix/store/nn50xms44xc7fhb1cm6vicw77hpppxzl-texlive-2023-env-texmfdist/tex/generic/pgf/math/pgfmathfunctions.comparison.code.tex) (/nix/store/nn50xms44xc7fhb1cm6vicw77hpppxzl-texlive-2023-env-texmfdist/tex/generic/pgf/math/pgfmathfunctions.base.code.tex) (/nix/store/nn50xms44xc7fhb1cm6vicw77hpppxzl-texlive-2023-env-texmfdist/tex/generic/pgf/math/pgfmathfunctions.round.code.tex) (/nix/store/nn50xms44xc7fhb1cm6vicw77hpppxzl-texlive-2023-env-texmfdist/tex/generic/pgf/math/pgfmathfunctions.misc.code.tex) (/nix/store/nn50xms44xc7fhb1cm6vicw77hpppxzl-texlive-2023-env-texmfdist/tex/generic/pgf/math/pgfmathfunctions.integerarithmetics.code.tex) (/nix/store/nn50xms44xc7fhb1cm6vicw77hpppxzl-texlive-2023-env-texmfdist/tex/generic/pgf/math/pgfmathcalc.code.tex) (/nix/store/nn50xms44xc7fhb1cm6vicw77hpppxzl-texlive-2023-env-texmfdist/tex/generic/pgf/math/pgfmathfloat.code.tex
\c@pgfmathroundto@lastzeros=\count316
)) (/nix/store/nn50xms44xc7fhb1cm6vicw77hpppxzl-texlive-2023-env-texmfdist/tex/generic/pgf/math/pgfint.code.tex) (/nix/store/nn50xms44xc7fhb1cm6vicw77hpppxzl-texlive-2023-env-texmfdist/tex/generic/pgf/basiclayer/pgfcorepoints.code.tex
File: pgfcorepoints.code.tex 2023-01-15 v3.1.10 (3.1.10)
\pgf@picminx=\dimen264
\pgf@picmaxx=\dimen265
\pgf@picminy=\dimen266
\pgf@picmaxy=\dimen267
\pgf@pathminx=\dimen268
\pgf@pathmaxx=\dimen269
\pgf@pathminy=\dimen270
\pgf@pathmaxy=\dimen271
\pgf@xx=\dimen272
\pgf@xy=\dimen273
\pgf@yx=\dimen274
\pgf@yy=\dimen275
\pgf@zx=\dimen276
\pgf@zy=\dimen277
) (/nix/store/nn50xms44xc7fhb1cm6vicw77hpppxzl-texlive-2023-env-texmfdist/tex/generic/pgf/basiclayer/pgfcorepathconstruct.code.tex
File: pgfcorepathconstruct.code.tex 2023-01-15 v3.1.10 (3.1.10)
\pgf@path@lastx=\dimen278
\pgf@path@lasty=\dimen279
) (/nix/store/nn50xms44xc7fhb1cm6vicw77hpppxzl-texlive-2023-env-texmfdist/tex/generic/pgf/basiclayer/pgfcorepathusage.code.tex
File: pgfcorepathusage.code.tex 2023-01-15 v3.1.10 (3.1.10)
\pgf@shorten@end@additional=\dimen280
\pgf@shorten@start@additional=\dimen281
) (/nix/store/nn50xms44xc7fhb1cm6vicw77hpppxzl-texlive-2023-env-texmfdist/tex/generic/pgf/basiclayer/pgfcorescopes.code.tex
File: pgfcorescopes.code.tex 2023-01-15 v3.1.10 (3.1.10)
\pgfpic=\box61
\pgf@hbox=\box62
\pgf@layerbox@main=\box63
\pgf@picture@serial@count=\count317
)
(/nix/store/nn50xms44xc7fhb1cm6vicw77hpppxzl-texlive-2023-env-texmfdist/tex/generic/pgf/basiclayer/pgfcoregraphicstate.code.tex
File: pgfcoregraphicstate.code.tex 2023-01-15 v3.1.10 (3.1.10)
\pgflinewidth=\dimen282
) (/nix/store/nn50xms44xc7fhb1cm6vicw77hpppxzl-texlive-2023-env-texmfdist/tex/generic/pgf/basiclayer/pgfcoretransformations.code.tex
File: pgfcoretransformations.code.tex 2023-01-15 v3.1.10 (3.1.10)
\pgf@pt@x=\dimen283
\pgf@pt@y=\dimen284
\pgf@pt@temp=\dimen285
) (/nix/store/nn50xms44xc7fhb1cm6vicw77hpppxzl-texlive-2023-env-texmfdist/tex/generic/pgf/basiclayer/pgfcorequick.code.tex
File: pgfcorequick.code.tex 2023-01-15 v3.1.10 (3.1.10)
) (/nix/store/nn50xms44xc7fhb1cm6vicw77hpppxzl-texlive-2023-env-texmfdist/tex/generic/pgf/basiclayer/pgfcoreobjects.code.tex
File: pgfcoreobjects.code.tex 2023-01-15 v3.1.10 (3.1.10)
) (/nix/store/nn50xms44xc7fhb1cm6vicw77hpppxzl-texlive-2023-env-texmfdist/tex/generic/pgf/basiclayer/pgfcorepathprocessing.code.tex
File: pgfcorepathprocessing.code.tex 2023-01-15 v3.1.10 (3.1.10)
) (/nix/store/nn50xms44xc7fhb1cm6vicw77hpppxzl-texlive-2023-env-texmfdist/tex/generic/pgf/basiclayer/pgfcorearrows.code.tex
File: pgfcorearrows.code.tex 2023-01-15 v3.1.10 (3.1.10)
\pgfarrowsep=\dimen286
) (/nix/store/nn50xms44xc7fhb1cm6vicw77hpppxzl-texlive-2023-env-texmfdist/tex/generic/pgf/basiclayer/pgfcoreshade.code.tex
File: pgfcoreshade.code.tex 2023-01-15 v3.1.10 (3.1.10)
\pgf@max=\dimen287
\pgf@sys@shading@range@num=\count318
\pgf@shadingcount=\count319
) (/nix/store/nn50xms44xc7fhb1cm6vicw77hpppxzl-texlive-2023-env-texmfdist/tex/generic/pgf/basiclayer/pgfcoreimage.code.tex
File: pgfcoreimage.code.tex 2023-01-15 v3.1.10 (3.1.10)
) (/nix/store/nn50xms44xc7fhb1cm6vicw77hpppxzl-texlive-2023-env-texmfdist/tex/generic/pgf/basiclayer/pgfcoreexternal.code.tex
File: pgfcoreexternal.code.tex 2023-01-15 v3.1.10 (3.1.10)
\pgfexternal@startupbox=\box64
) (/nix/store/nn50xms44xc7fhb1cm6vicw77hpppxzl-texlive-2023-env-texmfdist/tex/generic/pgf/basiclayer/pgfcorelayers.code.tex
File: pgfcorelayers.code.tex 2023-01-15 v3.1.10 (3.1.10)
) (/nix/store/nn50xms44xc7fhb1cm6vicw77hpppxzl-texlive-2023-env-texmfdist/tex/generic/pgf/basiclayer/pgfcoretransparency.code.tex
File: pgfcoretransparency.code.tex 2023-01-15 v3.1.10 (3.1.10)
) (/nix/store/nn50xms44xc7fhb1cm6vicw77hpppxzl-texlive-2023-env-texmfdist/tex/generic/pgf/basiclayer/pgfcorepatterns.code.tex
File: pgfcorepatterns.code.tex 2023-01-15 v3.1.10 (3.1.10)
) (/nix/store/nn50xms44xc7fhb1cm6vicw77hpppxzl-texlive-2023-env-texmfdist/tex/generic/pgf/basiclayer/pgfcorerdf.code.tex
File: pgfcorerdf.code.tex 2023-01-15 v3.1.10 (3.1.10)
))) (/nix/store/nn50xms44xc7fhb1cm6vicw77hpppxzl-texlive-2023-env-texmfdist/tex/generic/pgf/modules/pgfmoduleshapes.code.tex
File: pgfmoduleshapes.code.tex 2023-01-15 v3.1.10 (3.1.10)
\pgfnodeparttextbox=\box65
) (/nix/store/nn50xms44xc7fhb1cm6vicw77hpppxzl-texlive-2023-env-texmfdist/tex/generic/pgf/modules/pgfmoduleplot.code.tex
File: pgfmoduleplot.code.tex 2023-01-15 v3.1.10 (3.1.10)
) (/nix/store/nn50xms44xc7fhb1cm6vicw77hpppxzl-texlive-2023-env-texmfdist/tex/latex/pgf/compatibility/pgfcomp-version-0-65.sty
Package: pgfcomp-version-0-65 2023-01-15 v3.1.10 (3.1.10)
\pgf@nodesepstart=\dimen288
\pgf@nodesepend=\dimen289
)
(/nix/store/nn50xms44xc7fhb1cm6vicw77hpppxzl-texlive-2023-env-texmfdist/tex/latex/pgf/compatibility/pgfcomp-version-1-18.sty
Package: pgfcomp-version-1-18 2023-01-15 v3.1.10 (3.1.10)
)) (/nix/store/nn50xms44xc7fhb1cm6vicw77hpppxzl-texlive-2023-env-texmfdist/tex/latex/pgf/utilities/pgffor.sty (/nix/store/nn50xms44xc7fhb1cm6vicw77hpppxzl-texlive-2023-env-texmfdist/tex/latex/pgf/math/pgfmath.sty (/nix/store/nn50xms44xc7fhb1cm6vicw77hpppxzl-texlive-2023-env-texmfdist/tex/generic/pgf/math/pgfmath.code.tex)) (/nix/store/nn50xms44xc7fhb1cm6vicw77hpppxzl-texlive-2023-env-texmfdist/tex/generic/pgf/utilities/pgffor.code.tex
Package: pgffor 2023-01-15 v3.1.10 (3.1.10)
\pgffor@iter=\dimen290
\pgffor@skip=\dimen291
\pgffor@stack=\toks41
\pgffor@toks=\toks42
)) (/nix/store/nn50xms44xc7fhb1cm6vicw77hpppxzl-texlive-2023-env-texmfdist/tex/generic/pgf/frontendlayer/tikz/tikz.code.tex
Package: tikz 2023-01-15 v3.1.10 (3.1.10)
 (/nix/store/nn50xms44xc7fhb1cm6vicw77hpppxzl-texlive-2023-env-texmfdist/tex/generic/pgf/libraries/pgflibraryplothandlers.code.tex
File: pgflibraryplothandlers.code.tex 2023-01-15 v3.1.10 (3.1.10)
\pgf@plot@mark@count=\count320
\pgfplotmarksize=\dimen292
)
\tikz@lastx=\dimen293
\tikz@lasty=\dimen294
\tikz@lastxsaved=\dimen295
\tikz@lastysaved=\dimen296
\tikz@lastmovetox=\dimen297
\tikz@lastmovetoy=\dimen298
\tikzleveldistance=\dimen299
\tikzsiblingdistance=\dimen300
\tikz@figbox=\box66
\tikz@figbox@bg=\box67
\tikz@tempbox=\box68
\tikz@tempbox@bg=\box69
\tikztreelevel=\count321
\tikznumberofchildren=\count322
\tikznumberofcurrentchild=\count323
\tikz@fig@count=\count324
 (/nix/store/nn50xms44xc7fhb1cm6vicw77hpppxzl-texlive-2023-env-texmfdist/tex/generic/pgf/modules/pgfmodulematrix.code.tex
File: pgfmodulematrix.code.tex 2023-01-15 v3.1.10 (3.1.10)
\pgfmatrixcurrentrow=\count325
\pgfmatrixcurrentcolumn=\count326
\pgf@matrix@numberofcolumns=\count327
)
\tikz@expandcount=\count328
 (/nix/store/nn50xms44xc7fhb1cm6vicw77hpppxzl-texlive-2023-env-texmfdist/tex/generic/pgf/frontendlayer/tikz/libraries/tikzlibrarytopaths.code.tex
File: tikzlibrarytopaths.code.tex 2023-01-15 v3.1.10 (3.1.10)
))) (/nix/store/nn50xms44xc7fhb1cm6vicw77hpppxzl-texlive-2023-env-texmfdist/tex/latex/everypage/everypage.sty
Package: everypage 2020/10/17 R2.0b Hooks to run on every page


Package everypage Warning: Functionality similar to this package has recently
(everypage)                been implemented in LaTeX. This package is now in
(everypage)                legacy status.
(everypage)                Please, don't use it in new documents and packages.


Package everypage Warning: You appear to be running a version of LaTeX
(everypage)                providing the new functionality.
(everypage)                Doing the best to deliver the original `everypage`
(everypage)                interface on top of it. Strict equivalence is
(everypage)                not possible, breakage may occur.
(everypage)                If truly needed, Use `everypage-1x` to force the
(everypage)                loading of an older code base.

) (/nix/store/nn50xms44xc7fhb1cm6vicw77hpppxzl-texlive-2023-env-texmfdist/tex/latex/tools/afterpage.sty
Package: afterpage 2023/07/04 v1.08 After-Page Package (DPC)
\AP@output=\toks43
\AP@partial=\box70
\AP@footins=\box71
)) (/nix/store/nn50xms44xc7fhb1cm6vicw77hpppxzl-texlive-2023-env-texmfdist/tex/latex/listings/listings.sty
\lst@mode=\count329
\lst@gtempboxa=\box72
\lst@token=\toks44
\lst@length=\count330
\lst@currlwidth=\dimen301
\lst@column=\count331
\lst@pos=\count332
\lst@lostspace=\dimen302
\lst@width=\dimen303
\lst@newlines=\count333
\lst@lineno=\count334
\lst@maxwidth=\dimen304
 (/nix/store/nn50xms44xc7fhb1cm6vicw77hpppxzl-texlive-2023-env-texmfdist/tex/latex/listings/lstpatch.sty
File: lstpatch.sty 2024/02/21 1.10 (Carsten Heinz)
) (/nix/store/nn50xms44xc7fhb1cm6vicw77hpppxzl-texlive-2023-env-texmfdist/tex/latex/listings/lstmisc.sty
File: lstmisc.sty 2024/02/21 1.10 (Carsten Heinz)
\c@lstnumber=\count335
\lst@skipnumbers=\count336
\lst@framebox=\box73
) (/nix/store/nn50xms44xc7fhb1cm6vicw77hpppxzl-texlive-2023-env-texmfdist/tex/latex/listings/listings.cfg
File: listings.cfg 2024/02/21 1.10 listings configuration
))
Package: listings 2024/02/21 1.10 (Carsten Heinz)
 (/nix/store/nn50xms44xc7fhb1cm6vicw77hpppxzl-texlive-2023-env-texmfdist/tex/latex/float/float.sty
Package: float 2001/11/08 v1.3d Float enhancements (AL)
\c@float@type=\count337
\float@exts=\toks45
\float@box=\box74
\@float@everytoks=\toks46
\@floatcapt=\box75
)
\c@appendices=\count338
\cftbeforeappendicesskip=\skip115
\cftappendicesindent=\skip116
\cftappendicesnumwidth=\skip117
\c@apcdepth=\count339
\cftbeforeapctitleskip=\skip118
\cftafterapctitleskip=\skip119
 (/nix/store/nn50xms44xc7fhb1cm6vicw77hpppxzl-texlive-2023-env-texmfdist/tex/latex/biblatex/biblatex.sty
Package: biblatex 2023/03/05 v3.19 programmable bibliographies (PK/MW)
 (/nix/store/nn50xms44xc7fhb1cm6vicw77hpppxzl-texlive-2023-env-texmfdist/tex/latex/logreq/logreq.sty
Package: logreq 2010/08/04 v1.0 xml request logger
\lrq@indent=\count340
 (/nix/store/nn50xms44xc7fhb1cm6vicw77hpppxzl-texlive-2023-env-texmfdist/tex/latex/logreq/logreq.def
File: logreq.def 2010/08/04 v1.0 logreq spec v1.0
))
\c@tabx@nest=\count341
\c@listtotal=\count342
\c@listcount=\count343
\c@liststart=\count344
\c@liststop=\count345
\c@citecount=\count346
\c@citetotal=\count347
\c@multicitecount=\count348
\c@multicitetotal=\count349
\c@instcount=\count350
\c@maxnames=\count351
\c@minnames=\count352
\c@maxitems=\count353
\c@minitems=\count354
\c@citecounter=\count355
\c@maxcitecounter=\count356
\c@savedcitecounter=\count357
\c@uniquelist=\count358
\c@uniquename=\count359
\c@refsection=\count360
\c@refsegment=\count361
\c@maxextratitle=\count362
\c@maxextratitleyear=\count363
\c@maxextraname=\count364
\c@maxextradate=\count365
\c@maxextraalpha=\count366
\c@abbrvpenalty=\count367
\c@highnamepenalty=\count368
\c@lownamepenalty=\count369
\c@maxparens=\count370
\c@parenlevel=\count371
\blx@tempcnta=\count372
\blx@tempcntb=\count373
\blx@tempcntc=\count374
\c@blx@maxsection=\count375
\blx@maxsegment@0=\count376
\blx@notetype=\count377
\blx@parenlevel@text=\count378
\blx@parenlevel@foot=\count379
\blx@sectionciteorder@0=\count380
\blx@sectionciteorderinternal@0=\count381
\blx@entrysetcounter=\count382
\blx@biblioinstance=\count383
\labelnumberwidth=\skip120
\labelalphawidth=\skip121
\biblabelsep=\skip122
\bibitemsep=\skip123
\bibnamesep=\skip124
\bibinitsep=\skip125
\bibparsep=\skip126
\bibhang=\skip127
\blx@bcfin=\read5
\blx@bcfout=\write5
\blx@langwohyphens=\language90
\c@mincomprange=\count384
\c@maxcomprange=\count385
\c@mincompwidth=\count386
Package biblatex Info: Trying to load biblatex default data model...
Package biblatex Info: ... file 'blx-dm.def' found.
 (/nix/store/nn50xms44xc7fhb1cm6vicw77hpppxzl-texlive-2023-env-texmfdist/tex/latex/biblatex/blx-dm.def
File: blx-dm.def 2023/03/05 v3.19 biblatex localization (PK/MW)
)
Package biblatex Info: Trying to load biblatex style data model...
Package biblatex Info: ... file 'authoryear.dbx' not found.
Package biblatex Info: Trying to load biblatex custom data model...
Package biblatex Info: ... file 'biblatex-dm.cfg' not found.
\c@afterword=\count387
\c@savedafterword=\count388
\c@annotator=\count389
\c@savedannotator=\count390
\c@author=\count391
\c@savedauthor=\count392
\c@bookauthor=\count393
\c@savedbookauthor=\count394
\c@commentator=\count395
\c@savedcommentator=\count396
\c@editor=\count397
\c@savededitor=\count398
\c@editora=\count399
\c@savededitora=\count400
\c@editorb=\count401
\c@savededitorb=\count402
\c@editorc=\count403
\c@savededitorc=\count404
\c@foreword=\count405
\c@savedforeword=\count406
\c@holder=\count407
\c@savedholder=\count408
\c@introduction=\count409
\c@savedintroduction=\count410
\c@namea=\count411
\c@savednamea=\count412
\c@nameb=\count413
\c@savednameb=\count414
\c@namec=\count415
\c@savednamec=\count416
\c@translator=\count417
\c@savedtranslator=\count418
\c@shortauthor=\count419
\c@savedshortauthor=\count420
\c@shorteditor=\count421
\c@savedshorteditor=\count422
\c@labelname=\count423
\c@savedlabelname=\count424
\c@institution=\count425
\c@savedinstitution=\count426
\c@lista=\count427
\c@savedlista=\count428
\c@listb=\count429
\c@savedlistb=\count430
\c@listc=\count431
\c@savedlistc=\count432
\c@listd=\count433
\c@savedlistd=\count434
\c@liste=\count435
\c@savedliste=\count436
\c@listf=\count437
\c@savedlistf=\count438
\c@location=\count439
\c@savedlocation=\count440
\c@organization=\count441
\c@savedorganization=\count442
\c@origlocation=\count443
\c@savedoriglocation=\count444
\c@origpublisher=\count445
\c@savedorigpublisher=\count446
\c@publisher=\count447
\c@savedpublisher=\count448
\c@language=\count449
\c@savedlanguage=\count450
\c@origlanguage=\count451
\c@savedoriglanguage=\count452
\c@pageref=\count453
\c@savedpageref=\count454
\shorthandwidth=\skip128
\shortjournalwidth=\skip129
\shortserieswidth=\skip130
\shorttitlewidth=\skip131
\shortauthorwidth=\skip132
\shorteditorwidth=\skip133
\locallabelnumberwidth=\skip134
\locallabelalphawidth=\skip135
\localshorthandwidth=\skip136
\localshortjournalwidth=\skip137
\localshortserieswidth=\skip138
\localshorttitlewidth=\skip139
\localshortauthorwidth=\skip140
\localshorteditorwidth=\skip141
Package biblatex Info: Trying to load compatibility code...
Package biblatex Info: ... file 'blx-compat.def' found.
 (/nix/store/nn50xms44xc7fhb1cm6vicw77hpppxzl-texlive-2023-env-texmfdist/tex/latex/biblatex/blx-compat.def
File: blx-compat.def 2023/03/05 v3.19 biblatex compatibility (PK/MW)
)
Package biblatex Info: Trying to load generic definitions...
Package biblatex Info: ... file 'biblatex.def' found.
 (/nix/store/nn50xms44xc7fhb1cm6vicw77hpppxzl-texlive-2023-env-texmfdist/tex/latex/biblatex/biblatex.def
File: biblatex.def 2023/03/05 v3.19 biblatex compatibility (PK/MW)
\c@textcitecount=\count455
\c@textcitetotal=\count456
\c@textcitemaxnames=\count457
\c@biburlbigbreakpenalty=\count458
\c@biburlbreakpenalty=\count459
\c@biburlnumpenalty=\count460
\c@biburlucpenalty=\count461
\c@biburllcpenalty=\count462
\biburlbigskip=\muskip18
\biburlnumskip=\muskip19
\biburlucskip=\muskip20
\biburllcskip=\muskip21
\c@smartand=\count463
)
Package biblatex Info: Trying to load bibliography style 'authoryear'...
Package biblatex Info: ... file 'authoryear.bbx' found.
 (/nix/store/nn50xms44xc7fhb1cm6vicw77hpppxzl-texlive-2023-env-texmfdist/tex/latex/biblatex/bbx/authoryear.bbx
File: authoryear.bbx 2023/03/05 v3.19 biblatex bibliography style (PK/MW)
Package biblatex Info: Trying to load bibliography style 'standard'...
Package biblatex Info: ... file 'standard.bbx' found.
 (/nix/store/nn50xms44xc7fhb1cm6vicw77hpppxzl-texlive-2023-env-texmfdist/tex/latex/biblatex/bbx/standard.bbx
File: standard.bbx 2023/03/05 v3.19 biblatex bibliography style (PK/MW)
\c@bbx:relatedcount=\count464
\c@bbx:relatedtotal=\count465
))
Package biblatex Info: Trying to load citation style 'apa'...
Package biblatex Info: ... file 'apa.cbx' found.
 (/nix/store/nn50xms44xc7fhb1cm6vicw77hpppxzl-texlive-2023-env-texmfdist/tex/latex/biblatex-apa/apa.cbx
File: apa.cbx 2023/03/20 v9.17 APA biblatex citation style
Package biblatex Info: Delimiter 'nameyeardelim' in context '' already defined, overwriting.
Package biblatex Info: Delimiter 'andothersdelim' in context '' already defined, overwriting.
Package biblatex Info: Redefining '\fullcite'.
Package biblatex Info: Redefining '\citeauthor'.
Package biblatex Info: Redefining '\citeyear'.
Package biblatex Info: Redefining '\cite'.
Package biblatex Info: Redefining '\cites'.
Package biblatex Info: Redefining '\parencite'.
Package biblatex Info: Redefining '\parencites'.
Package biblatex Info: Redefining '\footcite'.
Package biblatex Info: Redefining '\footcites'.
Package biblatex Info: Redefining '\footcitetext'.
Package biblatex Info: Redefining '\footcitetexts'.
Package biblatex Info: Redefining '\smartcite'.
Package biblatex Info: Redefining '\smartcites'.
Package biblatex Info: Redefining '\textcite'.
Package biblatex Info: Redefining '\textcites'.
)
Package biblatex Info: Trying to load configuration file...
Package biblatex Info: ... file 'biblatex.cfg' found.
 (/nix/store/nn50xms44xc7fhb1cm6vicw77hpppxzl-texlive-2023-env-texmfdist/tex/latex/biblatex/biblatex.cfg
File: biblatex.cfg 
)
Package biblatex Info: Input encoding 'utf8' detected.
Package biblatex Info: Document encoding is UTF8 ....
Package biblatex Info: ... and expl3
(biblatex)             2024-02-20 L3 programming layer (loader) 
(biblatex)             is new enough (at least 2020/04/06),
(biblatex)             setting 'casechanger=expl3'.
 (/nix/store/nn50xms44xc7fhb1cm6vicw77hpppxzl-texlive-2023-env-texmfdist/tex/latex/biblatex/blx-case-expl3.sty
Package: blx-case-expl3 2023/03/05 v3.19 expl3 case changing code for biblatex
)) (/nix/store/nn50xms44xc7fhb1cm6vicw77hpppxzl-texlive-2023-env-texmfdist/tex/latex/geometry/geometry.sty
Package: geometry 2020/01/02 v5.9 Page Geometry
 (/nix/store/nn50xms44xc7fhb1cm6vicw77hpppxzl-texlive-2023-env-texmfdist/tex/generic/iftex/ifvtex.sty
Package: ifvtex 2019/10/25 v1.7 ifvtex legacy package. Use iftex instead.
)
\Gm@cnth=\count466
\Gm@cntv=\count467
\c@Gm@tempcnt=\count468
\Gm@bindingoffset=\dimen305
\Gm@wd@mp=\dimen306
\Gm@odd@mp=\dimen307
\Gm@even@mp=\dimen308
\Gm@layoutwidth=\dimen309
\Gm@layoutheight=\dimen310
\Gm@layouthoffset=\dimen311
\Gm@layoutvoffset=\dimen312
\Gm@dimlist=\toks47
))
(/nix/store/nn50xms44xc7fhb1cm6vicw77hpppxzl-texlive-2023-env-texmfdist/tex/latex/tools/longtable.sty
Package: longtable 2023-11-01 v4.19 Multi-page Table package (DPC)
\LTleft=\skip142
\LTright=\skip143
\LTpre=\skip144
\LTpost=\skip145
\LTchunksize=\count469
\LTcapwidth=\dimen313
\LT@head=\box76
\LT@firsthead=\box77
\LT@foot=\box78
\LT@lastfoot=\box79
\LT@gbox=\box80
\LT@cols=\count470
\LT@rows=\count471
\c@LT@tables=\count472
\c@LT@chunks=\count473
\LT@p@ftn=\toks48
) (/nix/store/nn50xms44xc7fhb1cm6vicw77hpppxzl-texlive-2023-env-texmfdist/tex/latex/blindtext/blindtext.sty
Package: blindtext 2012/01/06 V2.0 blindtext-Package
 (/nix/store/nn50xms44xc7fhb1cm6vicw77hpppxzl-texlive-2023-env-texmfdist/tex/latex/tools/xspace.sty
Package: xspace 2014/10/28 v1.13 Space after command names (DPC,MH)
)
\c@blindtext=\count474
\c@Blindtext=\count475
\c@blind@countparstart=\count476
\blind@countxx=\count477
\blindtext@numBlindtext=\count478
\blind@countyy=\count479
\c@blindlist=\count480
\c@blindlistlevel=\count481
\c@blindlist@level=\count482
\blind@listitem=\count483
\c@blind@listcount=\count484
\c@blind@levelcount=\count485
\blind@mathformula=\count486
\blind@Mathformula=\count487
\c@blind@randomcount=\count488
\c@blind@randommax=\count489
\c@blind@pangramcount=\count490
\c@blind@pangrammax=\count491
)
./seminar-hasil.tex:12: Undefined control sequence.
l.12 \idnum
           {H131 16 002}
The control sequence at the end of the top line
of your error message was never \def'ed. If you have
misspelled it (e.g., `\hobx'), type `I' and the correct
spelling (e.g., `I\hbox'). Otherwise just continue,
and I'll forget about whatever was undefined.


./seminar-hasil.tex:12: LaTeX Error: Missing \begin{document}.

See the LaTeX manual or LaTeX Companion for explanation.
Type  H <return>  for immediate help.
 ...                                              
                                                  
l.12 \idnum{H
             131 16 002}
You're in trouble here.  Try typing  <return>  to proceed.
If that doesn't work, type  X <return>  to quit.

LaTeX Font Info:    Trying to load font information for OT1+ntxtlf on input line 31.
(/nix/store/nn50xms44xc7fhb1cm6vicw77hpppxzl-texlive-2023-env-texmfdist/tex/latex/newtx/ot1ntxtlf.fd
File: ot1ntxtlf.fd 2021/05/24 v1.0 font definition file for OT1/ntx/tlf
)
LaTeX Font Info:    Font shape `OT1/ntxtlf/m/n' will be
(Font)              scaled to size 12.0pt on input line 31.
\@quotelevel=\count492
\@quotereset=\count493
 (./seminar-hasil.aux)
\openout1 = `seminar-hasil.aux'.

LaTeX Font Info:    Checking defaults for OML/ntxmi/m/it on input line 31.
LaTeX Font Info:    Trying to load font information for OML+ntxmi on input line 31.
 (/nix/store/nn50xms44xc7fhb1cm6vicw77hpppxzl-texlive-2023-env-texmfdist/tex/latex/newtx/omlntxmi.fd
File: omlntxmi.fd 2015/08/25 Fontinst v1.933 font definitions for OML/ntxmi.
)
LaTeX Font Info:    ... okay on input line 31.
LaTeX Font Info:    Checking defaults for OMS/cmsy/m/n on input line 31.
LaTeX Font Info:    ... okay on input line 31.
LaTeX Font Info:    Checking defaults for OT1/cmr/m/n on input line 31.
LaTeX Font Info:    ... okay on input line 31.
LaTeX Font Info:    Checking defaults for T1/cmr/m/n on input line 31.
LaTeX Font Info:    ... okay on input line 31.
LaTeX Font Info:    Checking defaults for TS1/cmr/m/n on input line 31.
LaTeX Font Info:    ... okay on input line 31.
LaTeX Font Info:    Checking defaults for OMX/cmex/m/n on input line 31.
LaTeX Font Info:    ... okay on input line 31.
LaTeX Font Info:    Checking defaults for U/ntxexa/m/n on input line 31.
LaTeX Font Info:    Trying to load font information for U+ntxexa on input line 31.
 (/nix/store/nn50xms44xc7fhb1cm6vicw77hpppxzl-texlive-2023-env-texmfdist/tex/latex/newtx/untxexa.fd
File: untxexa.fd 2012/04/16 Fontinst v1.933 font definitions for U/ntxexa.
)
LaTeX Font Info:    ... okay on input line 31.
LaTeX Font Info:    Checking defaults for LMS/ntxsy/m/n on input line 31.
LaTeX Font Info:    Trying to load font information for LMS+ntxsy on input line 31.
 (/nix/store/nn50xms44xc7fhb1cm6vicw77hpppxzl-texlive-2023-env-texmfdist/tex/latex/newtx/lmsntxsy.fd
File: lmsntxsy.fd 2016/07/02 Fontinst v1.933 font definitions for LMS/ntxsy.
)
LaTeX Font Info:    ... okay on input line 31.
LaTeX Font Info:    Checking defaults for LMX/ntxexx/m/n on input line 31.
LaTeX Font Info:    Trying to load font information for LMX+ntxexx on input line 31.
 (/nix/store/nn50xms44xc7fhb1cm6vicw77hpppxzl-texlive-2023-env-texmfdist/tex/latex/newtx/lmxntxexx.fd
File: lmxntxexx.fd 2016/07/03 Fontinst v1.933 font definitions for LMX/ntxexx.
)
LaTeX Font Info:    ... okay on input line 31.
LaTeX Font Info:    Checking defaults for PD1/pdf/m/n on input line 31.
LaTeX Font Info:    ... okay on input line 31.
LaTeX Font Info:    Checking defaults for PU/pdf/m/n on input line 31.
LaTeX Font Info:    ... okay on input line 31.
 (/nix/store/nn50xms44xc7fhb1cm6vicw77hpppxzl-texlive-2023-env-texmfdist/tex/context/base/mkii/supp-pdf.mkii
[Loading MPS to PDF converter (version 2006.09.02).]
\scratchcounter=\count494
\scratchdimen=\dimen314
\scratchbox=\box81
\nofMPsegments=\count495
\nofMParguments=\count496
\everyMPshowfont=\toks49
\MPscratchCnt=\count497
\MPscratchDim=\dimen315
\MPnumerator=\count498
\makeMPintoPDFobject=\count499
\everyMPtoPDFconversion=\toks50
) (/nix/store/nn50xms44xc7fhb1cm6vicw77hpppxzl-texlive-2023-env-texmfdist/tex/latex/epstopdf-pkg/epstopdf-base.sty
Package: epstopdf-base 2020-01-24 v2.11 Base part for package epstopdf
Package epstopdf-base Info: Redefining graphics rule for `.eps' on input line 485.
 (/nix/store/nn50xms44xc7fhb1cm6vicw77hpppxzl-texlive-2023-env-texmfdist/tex/latex/latexconfig/epstopdf-sys.cfg
File: epstopdf-sys.cfg 2010/07/13 v1.3 Configuration of (r)epstopdf for TeX Live
))
\c@mv@tabular=\count500
\c@mv@boldtabular=\count501
LaTeX Info: Command `\dddot' is already robust on input line 31.
LaTeX Info: Command `\ddddot' is already robust on input line 31.
Package hyperref Info: Link coloring OFF on input line 31.
 (./seminar-hasil.out) (./seminar-hasil.out)
\@outlinefile=\write6
\openout6 = `seminar-hasil.out'.

Package caption Info: Begin \AtBeginDocument code.
Package caption Info: float package is loaded.
Package caption Info: listings package is loaded.
Package caption Info: longtable package is loaded.
 (/nix/store/nn50xms44xc7fhb1cm6vicw77hpppxzl-texlive-2023-env-texmfdist/tex/latex/caption/ltcaption.sty
Package: ltcaption 2021/01/08 v1.4c longtable captions (AR)
)
Package caption Info: End \AtBeginDocument code.
\c@lstlisting=\count502
Package biblatex Info: Trying to load language 'english'...
Package biblatex Info: ... file 'english.lbx' found.
 (/nix/store/nn50xms44xc7fhb1cm6vicw77hpppxzl-texlive-2023-env-texmfdist/tex/latex/biblatex/lbx/english.lbx
File: english.lbx 2023/03/05 v3.19 biblatex localization (PK/MW)
)
Package biblatex Info: Input encoding 'utf8' detected.
Package biblatex Info: Automatic encoding selection.
(biblatex)             Assuming data encoding 'utf8'.
\openout5 = `seminar-hasil.bcf'.

Package biblatex Info: Trying to load bibliographic data...
Package biblatex Info: ... file 'seminar-hasil.bbl' found.
 (./seminar-hasil.bbl)
Package biblatex Info: Reference section=0 on input line 31.
Package biblatex Info: Reference segment=0 on input line 31.

*geometry* driver: auto-detecting
*geometry* detected driver: pdftex
*geometry* verbose mode - [ preamble ] result:
* driver: pdftex
* paper: a4paper
* layout: <same size as paper>
* layoutoffset:(h,v)=(0.0pt,0.0pt)
* modes: 
* h-part:(L,W,R)=(113.81102pt, 398.3386pt, 85.35826pt)
* v-part:(T,H,B)=(85.35826pt, 674.33032pt, 85.35826pt)
* \paperwidth=597.50787pt
* \paperheight=845.04684pt
* \textwidth=398.3386pt
* \textheight=674.33032pt
* \oddsidemargin=41.54103pt
* \evensidemargin=41.54103pt
* \topmargin=-23.91173pt
* \headheight=14.49998pt
* \headsep=25.0pt
* \topskip=12.0pt
* \footskip=30.0pt
* \marginparwidth=35.0pt
* \marginparsep=10.0pt
* \columnsep=10.0pt
* \skip\footins=10.8pt plus 4.0pt minus 2.0pt
* \hoffset=0.0pt
* \voffset=0.0pt
* \mag=1000
* \@twocolumnfalse
* \@twosidefalse
* \@mparswitchfalse
* \@reversemarginfalse
* (1in=72.27pt=25.4mm, 1cm=28.453pt)

LaTeX Font Info:    Font shape `OT1/ntxtlf/m/it' will be
(Font)              scaled to size 12.0pt on input line 33.
LaTeX Font Info:    Font shape `OT1/ntxtlf/b/n' will be
(Font)              scaled to size 12.0pt on input line 34.
LaTeX Font Info:    Font shape `OT1/ntxtlf/b/it' will be
(Font)              scaled to size 12.0pt on input line 34.
<images/Logo_UIR.png, id=48, 1125.9666pt x 1294.3557pt>
File: images/Logo_UIR.png Graphic file (type png)
<use images/Logo_UIR.png>
Package pdftex.def Info: images/Logo_UIR.png  used on input line 34.
(pdftex.def)             Requested size: 154.67914pt x 177.82971pt.

./seminar-hasil.tex:34: LaTeX Error: There's no line here to end.

See the LaTeX manual or LaTeX Companion for explanation.
Type  H <return>  for immediate help.
 ...                                              
                                                  
l.34     \coverproposal
                       
Your command was ignored.
Type  I <command> <return>  to replace it with another command,
or  <return>  to continue without it.

[1

{/nix/store/vd70007fx3fj01rf0mpnnqqsrp7i0qqp-texlive-2023-env/share/texmf-var/fonts/map/pdftex/updmap/pdftex.map}{/nix/store/nn50xms44xc7fhb1cm6vicw77hpppxzl-texlive-2023-env-texmfdist/fonts/enc/dvips/newtx/ntx-ot1-tlf.enc} <./images/Logo_UIR.png

pdfTeX warning: /nix/store/vd70007fx3fj01rf0mpnnqqsrp7i0qqp-texlive-2023-env/bin/pdflatex (file ./images/Logo_UIR.png): large interlaced PNG might cause out of memory (use non-interlaced PNG to fix this)
>]
LaTeX Font Info:    Font shape `OT1/ntxtlf/m/n' will be
(Font)              scaled to size 17.28pt on input line 41.
LaTeX Font Info:    Font shape `OT1/ntxtlf/b/n' will be
(Font)              scaled to size 17.28pt on input line 41.
 (./seminar-hasil.toc
LaTeX Font Info:    Trying to load font information for OT1+minntx on input line 1.
 (/nix/store/nn50xms44xc7fhb1cm6vicw77hpppxzl-texlive-2023-env-texmfdist/tex/latex/newtx/ot1minntx.fd
File: ot1minntx.fd 2023/09/09 v1.1 font definition file for OT1/minntx
)
LaTeX Font Info:    Trying to load font information for U+ntxmia on input line 1.
 (/nix/store/nn50xms44xc7fhb1cm6vicw77hpppxzl-texlive-2023-env-texmfdist/tex/latex/newtx/untxmia.fd
File: untxmia.fd 2018/04/14 Fontinst v1.933 font definitions for U/ntxmia.
)
LaTeX Font Info:    Trying to load font information for U+ntxsym on input line 1.
 (/nix/store/nn50xms44xc7fhb1cm6vicw77hpppxzl-texlive-2023-env-texmfdist/tex/latex/newtx/untxsym.fd
File: untxsym.fd 2023/08/16 Fontinst v1.933 font definitions for U/ntxsym.
)
LaTeX Font Info:    Trying to load font information for U+ntxsyc on input line 1.
 (/nix/store/nn50xms44xc7fhb1cm6vicw77hpppxzl-texlive-2023-env-texmfdist/tex/latex/newtx/untxsyc.fd
File: untxsyc.fd 2012/04/12 Fontinst v1.933 font definitions for U/ntxsyc.
)
pdfTeX warning (ext4): destination with the same identifier (name{page.i}) has been already used, duplicate ignored
<to be read again> 
                   \relax 
l.27 ...e {IV}HASIL DAN PEMBAHASAN}{34}{chapter.4}
                                                  % [1])
\tf@toc=\write7
\openout7 = `seminar-hasil.toc'.

 [2] (./seminar-hasil.lot)
\tf@lot=\write8
\openout8 = `seminar-hasil.lot'.

 [3] (./seminar-hasil.lof
Underfull \hbox (badness 10000) in paragraph at lines 4--4
 [][] [][]\OT1/ntxtlf/m/it/12 Context Di-a-gram \OT1/minntx/m/n/12 Me-dia Pem-be-la-jaran pen-go-la-han Citra 
 []


Underfull \hbox (badness 10000) in paragraph at lines 5--5
 [][] [][]\OT1/ntxtlf/m/it/12 Hierarchy Chart \OT1/minntx/m/n/12 Me-dia Pem-be-la-jaran pen-go-la-han Citra 
 []


Underfull \hbox (badness 10000) in paragraph at lines 6--6
 [][] [][]\OT1/ntxtlf/m/it/12 Activity Di-a-gram \OT1/minntx/m/n/12 Me-dia Pem-be-la-jaran pen-go-la-han Citra 
 []

)
\tf@lof=\write9
\openout9 = `seminar-hasil.lof'.

 [4] (./seminar-hasil.apc)
\tf@apc=\write10
\openout10 = `seminar-hasil.apc'.

 [5] (./include/bab1.tex
BAB I.
LaTeX Font Info:    Font shape `OT1/ntxtlf/m/n' will be
(Font)              scaled to size 14.4pt on input line 1.
LaTeX Font Info:    Font shape `OT1/ntxtlf/b/n' will be
(Font)              scaled to size 14.4pt on input line 1.
[1

] [2]
Underfull \hbox (badness 6808) in paragraph at lines 35--36
[]\OT1/minntx/m/n/12 Bagaimana men-gukur efek-tiv-i-tas me-dia pem-be-la-jaran yang telah
 []


Underfull \hbox (badness 1270) in paragraph at lines 40--41
[]\OT1/minntx/m/n/12 Dalam peneli-tian ini, ter-da-pat be-ber-apa batasan masalah yang perlu
 []


Underfull \hbox (badness 2671) in paragraph at lines 46--47
[]\OT1/minntx/m/n/12 Pengembangan me-dia pem-be-la-jaran pen-go-la-han citra dig-i-tal den-gan
 []


Underfull \hbox (badness 1365) in paragraph at lines 50--51
\OT1/minntx/m/n/12 teknologi web dan vi-su-al-isasi in-ter-ak-tif. Se-lain itu, peneli-tian ini juga
 []

[3]
Underfull \hbox (badness 1484) in paragraph at lines 56--57
[]\OT1/minntx/m/n/12 Membantu ma-ha-siswa mema-hami konsep-konsep yang kom-pleks dan
 []

) (./include/bab2.tex [4]
BAB II.

Underfull \hbox (badness 1603) in paragraph at lines 5--6
\OT1/minntx/m/n/12 al-go-ritma \OT1/ntxtlf/m/it/12 K-Means Clus-ter-ing \OT1/minntx/m/n/12 dalam ben-tuk 3D meng-gu-nakan unity dan
 []


Underfull \hbox (badness 1092) in paragraph at lines 7--8
\OT1/minntx/m/n/12 men-cakup as-pek kual-i-tas vi-sual dan tek-nis. Peneli-tian ini meng-gu-nakan
 []

[5

]
Underfull \hbox (badness 2050) in paragraph at lines 9--10
\OT1/minntx/m/n/12 bahwa peng-gu-naan ap-likasi vi-su-al-isasi dan me-dia pem-be-la-jaran in-ter-ak-tif
 []

[6] [7]
Underfull \hbox (badness 10000) in paragraph at lines 48--50
[]\OT1/minntx/m/n/12 Proses op-erasi \OT1/ntxtlf/m/it/12 bright-ness \OT1/minntx/m/n/12 di-lakukan den-gan menam-bahkan atau
 []


Underfull \hbox (badness 1092) in paragraph at lines 48--50
\OT1/minntx/m/n/12 men-gu-rangkan ni-lai se-tiap pik-sel den-gan su-atu kon-stanta [](Yasa dkk.
 []

[8]
LaTeX Font Info:    Font shape `OT1/ntxtlf/m/n' will be
(Font)              scaled to size 8.8pt on input line 65.
LaTeX Font Info:    Font shape `OT1/ntxtlf/m/n' will be
(Font)              scaled to size 6.6pt on input line 65.

Underfull \hbox (badness 2744) in paragraph at lines 85--86
[]\OT1/minntx/m/n/12 Image sub-trac-tion adalah teknik pen-go-la-han citra yang meli-batkan
 []

[9] [10] [11] [12]
Underfull \hbox (badness 1603) in paragraph at lines 154--155
\OT1/minntx/m/n/12 JavaScript da-pat di-gu-nakan un-tuk mem-buat tampi-lan in-ter-ak-tif yang
 []

[13]
Underfull \hbox (badness 1303) in paragraph at lines 160--161
\OT1/minntx/m/n/12 pent-ing dalam meningkatkan in-ter-ak-tiv-i-tas dan pema-haman peng-guna
 []

[14]
Underfull \hbox (badness 1490) in paragraph at lines 166--167
[]\OT1/minntx/m/n/12 Dalam kon-teks ini penulis meng-gu-nakan Boot-strap yang da-pat
 []


Underfull \hbox (badness 2884) in paragraph at lines 168--169
\OT1/minntx/m/n/12 re-spon-sif atau \OT1/ntxtlf/m/it/12 mobile-friendly\OT1/minntx/m/n/12 . Dalam era dig-i-tal yang se-makin
 []

) (./include/bab3.tex [15]
BAB III.

Underfull \hbox (badness 2426) in paragraph at lines 11--12
\OT1/minntx/m/n/12 vi-su-al-isasi in-ter-ak-tif berba-sis web, studi pus-taka akan mem-berikan
 []


Underfull \hbox (badness 1215) in paragraph at lines 11--12
\OT1/minntx/m/n/12 pema-haman yang men-dalam ten-tang kon-sep pen-go-la-han citra dig-i-tal,
 []


Underfull \hbox (badness 1231) in paragraph at lines 15--16
\OT1/minntx/m/n/12 dan in-for-masi dari para ahli dalam bidang pen-go-la-han citra dig-i-tal.
 []


Underfull \hbox (badness 1320) in paragraph at lines 15--16
\OT1/minntx/m/n/12 Pertanyaan-pertanyaan terkait den-gan kon-sep pen-go-la-han citra dig-i-tal,
 []


Underfull \hbox (badness 1147) in paragraph at lines 15--16
\OT1/minntx/m/n/12 peng-gu-naan vi-su-al-isasi in-ter-ak-tif dalam pem-be-la-jaran, tan-ta-n-gan yang
 []


Underfull \hbox (badness 1946) in paragraph at lines 15--16
\OT1/minntx/m/n/12 di-hadapi dalam pengem-ban-gan me-dia pem-be-la-jaran, dan saran atau
 []

[16

] [17]
<images/diagram-konteks.png, id=318, 473.77pt x 644.4075pt>
File: images/diagram-konteks.png Graphic file (type png)
<use images/diagram-konteks.png>
Package pdftex.def Info: images/diagram-konteks.png  used on input line 43.
(pdftex.def)             Requested size: 239.00558pt x 325.08398pt.
LaTeX Font Info:    Font shape `OT1/ntxtlf/m/n' will be
(Font)              scaled to size 10.95pt on input line 44.
LaTeX Font Info:    Font shape `OT1/ntxtlf/b/n' will be
(Font)              scaled to size 10.95pt on input line 44.
LaTeX Font Info:    Font shape `OT1/ntxtlf/m/it' will be
(Font)              scaled to size 10.95pt on input line 44.

Underfull \hbox (badness 1701) in paragraph at lines 47--48
\OT1/minntx/m/n/12 batasan dan lingkup sis-tem. Di-a-gram ini juga memu-dahkan
 []

[18 <./images/diagram-konteks.png>]
Underfull \hbox (badness 1371) in paragraph at lines 52--53
\OT1/minntx/m/n/12 hi-er-arki. Di-a-gram ini ser-ing di-gu-nakan dalam pengem-ban-gan
 []

<images/Hierarchy-Chart.png, id=324, 804.00375pt x 463.7325pt>
File: images/Hierarchy-Chart.png Graphic file (type png)
<use images/Hierarchy-Chart.png>
Package pdftex.def Info: images/Hierarchy-Chart.png  used on input line 55.
(pdftex.def)             Requested size: 426.79134pt x 246.15915pt.
[19 <./images/Hierarchy-Chart.png>]
<images/Activity-Diagram.png, id=333, 564.1075pt x 655.44875pt>
File: images/Activity-Diagram.png Graphic file (type png)
<use images/Activity-Diagram.png>
Package pdftex.def Info: images/Activity-Diagram.png  used on input line 65.
(pdftex.def)             Requested size: 227.62204pt x 264.47516pt.

Underfull \hbox (badness 1371) in paragraph at lines 71--72
[]\OT1/minntx/m/n/12 Berikut adalah flowchart yang me-nun-jukkan sis-tem me-dia
 []


Underfull \hbox (badness 10000) in paragraph at lines 71--72
\OT1/minntx/m/n/12 pem-be-la-jaran pen-go-la-han citra dig-i-tal berba-sis web yang
 []


Underfull \hbox (badness 2828) in paragraph at lines 71--72
\OT1/minntx/m/n/12 mem-per-li-hatkan alur atau langkah-langkah yang ter-jadi dalam
 []

[20 <./images/Activity-Diagram.png>]
<images/flowchart-grayscale.png, id=341, 410.53375pt x 755.82375pt>
File: images/flowchart-grayscale.png Graphic file (type png)
<use images/flowchart-grayscale.png>
Package pdftex.def Info: images/flowchart-grayscale.png  used on input line 80.
(pdftex.def)             Requested size: 199.1693pt x 366.67787pt.

Underfull \hbox (badness 1424) in paragraph at lines 86--87
[]\OT1/minntx/m/n/12 Flowchart Op-erasi \OT1/ntxtlf/m/it/12 In-vert \OT1/minntx/m/n/12 atau negatif adalah se-buah
 []

File: images/flowchart-grayscale.png Graphic file (type png)
<use images/flowchart-grayscale.png>
Package pdftex.def Info: images/flowchart-grayscale.png  used on input line 90.
(pdftex.def)             Requested size: 199.1693pt x 366.67787pt.
[21 <./images/flowchart-grayscale.png>] [22]
<images/flowchart-brightness.png, id=353, 410.53375pt x 805.0075pt>
File: images/flowchart-brightness.png Graphic file (type png)
<use images/flowchart-brightness.png>
Package pdftex.def Info: images/flowchart-brightness.png  used on input line 101.
(pdftex.def)             Requested size: 199.1693pt x 390.53873pt.

Underfull \hbox (badness 1565) in paragraph at lines 107--108
[]\OT1/minntx/m/n/12 Flowchart op-erasi \OT1/ntxtlf/m/it/12 thresh-old \OT1/minntx/m/n/12 adalah se-buah gam-baran
 []

[23 <./images/flowchart-brightness.png>]
<images/flowchart-threshold.png, id=360, 410.53375pt x 836.12375pt>
File: images/flowchart-threshold.png Graphic file (type png)
<use images/flowchart-threshold.png>
Package pdftex.def Info: images/flowchart-threshold.png  used on input line 112.
(pdftex.def)             Requested size: 199.1693pt x 405.63435pt.
 [24 <./images/flowchart-threshold.png>]
<images/flowchart-blending.png, id=367, 416.55624pt x 985.6825pt>
File: images/flowchart-blending.png Graphic file (type png)
<use images/flowchart-blending.png>
Package pdftex.def Info: images/flowchart-blending.png  used on input line 123.
(pdftex.def)             Requested size: 199.1693pt x 471.28731pt.
<images/flowchart-substraction.png, id=368, 416.55624pt x 925.4575pt>
File: images/flowchart-substraction.png Graphic file (type png)
<use images/flowchart-substraction.png>
Package pdftex.def Info: images/flowchart-substraction.png  used on input line 132.
(pdftex.def)             Requested size: 199.1693pt x 442.49176pt.
 [25 <./images/flowchart-blending.png>] [26 <./images/flowchart-substraction.png>]
<images/input-grayscale.png, id=383, 660.21657pt x 554.82281pt>
File: images/input-grayscale.png Graphic file (type png)
<use images/input-grayscale.png>
Package pdftex.def Info: images/input-grayscale.png  used on input line 151.
(pdftex.def)             Requested size: 239.00558pt x 200.85356pt.
<images/input-invert.png, id=384, 660.21657pt x 505.13719pt>
File: images/input-invert.png Graphic file (type png)
<use images/input-invert.png>
Package pdftex.def Info: images/input-invert.png  used on input line 158.
(pdftex.def)             Requested size: 239.00558pt x 182.86667pt.
 [27 <./images/input-grayscale.png> <./images/input-invert.png>]
Underfull \hbox (badness 1158) in paragraph at lines 164--165
\OT1/ntxtlf/m/it/12 grayscale \OT1/minntx/m/n/12 muncul den-gan ni-lai awal, dan peng-guna da-pat
 []


Underfull \hbox (badness 1783) in paragraph at lines 168--169
[]\OT1/minntx/m/n/12 Untuk ha-la-man ini yang bertu-juan un-tuk men-gubah
 []


Underfull \hbox (badness 1158) in paragraph at lines 170--171
\OT1/ntxtlf/m/it/12 grayscale \OT1/minntx/m/n/12 muncul den-gan ni-lai awal, dan peng-guna da-pat
 []

<images/input-brightness.png, id=392, 648.17157pt x 557.08125pt>
File: images/input-brightness.png Graphic file (type png)
<use images/input-brightness.png>
Package pdftex.def Info: images/input-brightness.png  used on input line 173.
(pdftex.def)             Requested size: 239.00558pt x 205.4198pt.
[28 <./images/input-brightness.png>]
Underfull \hbox (badness 1158) in paragraph at lines 181--182
\OT1/ntxtlf/m/it/12 grayscale \OT1/minntx/m/n/12 muncul den-gan ni-lai awal, dan peng-guna da-pat
 []

<images/input-threshold.png, id=400, 648.17157pt x 566.86781pt>
File: images/input-threshold.png Graphic file (type png)
<use images/input-threshold.png>
Package pdftex.def Info: images/input-threshold.png  used on input line 184.
(pdftex.def)             Requested size: 318.67209pt x 278.70183pt.
[29 <./images/input-threshold.png>]
<images/input-blending.png, id=407, 648.17157pt x 673.01437pt>
File: images/input-blending.png Graphic file (type png)
<use images/input-blending.png>
Package pdftex.def Info: images/input-blending.png  used on input line 197.
(pdftex.def)             Requested size: 239.00558pt x 248.16933pt.
 [30 <./images/input-blending.png>]
<images/input-substraction.png, id=414, 445.665pt x 657.95813pt>
File: images/input-substraction.png Graphic file (type png)
<use images/input-substraction.png>
Package pdftex.def Info: images/input-substraction.png  used on input line 210.
(pdftex.def)             Requested size: 239.00558pt x 352.85248pt.

Underfull \hbox (badness 2932) in paragraph at lines 222--223
[]\OT1/minntx/m/n/12 Setelah tahap im-ple-men-tasi, tahap pen-gu-jian di-lakukan un-tuk
 []

[31 <./images/input-substraction.png>] [32]) (./include/bab4.tex [33]
BAB IV.
) (./include/bab5.tex [34

]
BAB V.
) [35

]
LaTeX Font Info:    Font shape `OT1/ntxtlf/m/sc' will be
(Font)              scaled to size 12.0pt on input line 77.

Underfull \hbox (badness 1342) in paragraph at lines 77--77
[][]\OT1/minntx/m/n/12 Munantri, N. Z., So-fyan, H., dan Flo-restiyanto, M. Y. (2020). ``Ap-likasi
 []

[36

{/nix/store/nn50xms44xc7fhb1cm6vicw77hpppxzl-texlive-2023-env-texmfdist/fonts/enc/dvips/newtx/ntx-ot1-tlf-pc.enc}]
Underfull \hbox (badness 5817) in paragraph at lines 77--77
[][]\OT1/minntx/m/n/12 Yasa, I. M. R. P., Widyan-tara, I. M. O., dan Wiras-tuti, N. D.
 []


Underfull \hbox (badness 1253) in paragraph at lines 77--77
\OT1/minntx/m/n/12 BRIGHT-NESS AD-JUST-MENT UN-TUK SIS-TEM EK-STRAKSI GARIS
 []

(./include/lampiran.tex [37]) [38

] (./seminar-hasil.aux)
 ***********
LaTeX2e <2023-11-01> patch level 1
L3 programming layer <2020/03/25>
 ***********
Package rerunfilecheck Info: File `seminar-hasil.out' has not changed.
(rerunfilecheck)             Checksum: 5442755675AFD4C4150D8D3660343B30;1312.


Package biblatex Warning: Please rerun LaTeX.
(biblatex)                Page breaks have changed.

Package logreq Info: Writing requests to 'seminar-hasil.run.xml'.
\openout1 = `seminar-hasil.run.xml'.

 ) 
Here is how much of TeX's memory you used:
 37278 strings out of 474116
 700452 string characters out of 5720541
 1938187 words of memory out of 5000000
 58852 multiletter control sequences out of 15000+600000
 602846 words of font info for 122 fonts, out of 8000000 for 9000
 1141 hyphenation exceptions out of 8191
 118i,12n,131p,1379b,1677s stack positions out of 10000i,1000n,20000p,200000b,200000s
</nix/store/nn50xms44xc7fhb1cm6vicw77hpppxzl-texlive-2023-env-texmfdist/fonts/type1/public/newtx/NewTXMI.pfb></nix/store/nn50xms44xc7fhb1cm6vicw77hpppxzl-texlive-2023-env-texmfdist/fonts/type1/public/amsfonts/cm/cmr12.pfb></nix/store/nn50xms44xc7fhb1cm6vicw77hpppxzl-texlive-2023-env-texmfdist/fonts/type1/public/newtx/txexs.pfb></nix/store/nn50xms44xc7fhb1cm6vicw77hpppxzl-texlive-2023-env-texmfdist/fonts/type1/public/newtx/txmiaX.pfb></nix/store/nn50xms44xc7fhb1cm6vicw77hpppxzl-texlive-2023-env-texmfdist/fonts/type1/public/newtx/txsys.pfb></nix/store/nn50xms44xc7fhb1cm6vicw77hpppxzl-texlive-2023-env-texmfdist/fonts/type1/public/newtx/ztmb.pfb></nix/store/nn50xms44xc7fhb1cm6vicw77hpppxzl-texlive-2023-env-texmfdist/fonts/type1/public/newtx/ztmbi.pfb></nix/store/nn50xms44xc7fhb1cm6vicw77hpppxzl-texlive-2023-env-texmfdist/fonts/type1/public/newtx/ztmr.pfb></nix/store/nn50xms44xc7fhb1cm6vicw77hpppxzl-texlive-2023-env-texmfdist/fonts/type1/public/newtx/ztmri.pfb>
Output written on seminar-hasil.pdf (44 pages, 1606532 bytes).
PDF statistics:
 555 PDF objects out of 1000 (max. 8388607)
 455 compressed objects within 5 object streams
 168 named destinations out of 1000 (max. 500000)
 176 words of extra memory for PDF output out of 10000 (max. 10000000)

