\BOOKMARK [0][-]{Doc-Start}{\376\377\000K\000A\000T\000A\000\040\000P\000E\000N\000G\000A\000N\000T\000A\000R}{}% 1
\BOOKMARK [0][-]{chapter*.1}{\376\377\000D\000A\000F\000T\000A\000R\000\040\000I\000S\000I}{}% 2
\BOOKMARK [0][-]{chapter*.1}{\376\377\000D\000A\000F\000T\000A\000R\000\040\000G\000A\000M\000B\000A\000R}{}% 3
\BOOKMARK [0][-]{chapter.1}{\376\377\000P\000E\000N\000D\000A\000H\000U\000L\000U\000A\000N}{}% 4
\BOOKMARK [1][-]{section.1.1}{\376\377\000L\000a\000t\000a\000r\000\040\000B\000e\000l\000a\000k\000a\000n\000g}{chapter.1}% 5
\BOOKMARK [1][-]{section.1.2}{\376\377\000I\000d\000e\000n\000t\000i\000f\000i\000k\000a\000s\000i\000\040\000M\000a\000s\000a\000l\000a\000h}{chapter.1}% 6
\BOOKMARK [1][-]{section.1.3}{\376\377\000R\000u\000m\000u\000s\000a\000n\000\040\000M\000a\000s\000a\000l\000a\000h}{chapter.1}% 7
\BOOKMARK [1][-]{section.1.4}{\376\377\000B\000a\000t\000a\000s\000a\000n\000\040\000M\000a\000s\000a\000l\000a\000h}{chapter.1}% 8
\BOOKMARK [1][-]{section.1.5}{\376\377\000T\000u\000j\000u\000a\000n\000\040\000P\000e\000n\000e\000l\000i\000t\000i\000a\000n}{chapter.1}% 9
\BOOKMARK [1][-]{section.1.6}{\376\377\000M\000a\000n\000f\000a\000a\000t\000\040\000P\000e\000n\000e\000l\000i\000t\000i\000a\000n}{chapter.1}% 10
\BOOKMARK [0][-]{chapter.2}{\376\377\000L\000A\000N\000D\000A\000S\000A\000N\000\040\000T\000E\000O\000R\000I}{}% 11
\BOOKMARK [1][-]{section.2.1}{\376\377\000T\000i\000n\000j\000a\000u\000a\000n\000\040\000P\000u\000s\000t\000a\000k\000a}{chapter.2}% 12
\BOOKMARK [1][-]{section.2.2}{\376\377\000D\000a\000s\000a\000r\000\040\000T\000e\000o\000r\000i}{chapter.2}% 13
\BOOKMARK [2][-]{subsection.2.2.1}{\376\377\000P\000e\000n\000g\000o\000l\000a\000h\000a\000n\000\040\000C\000i\000t\000r\000a\000\040\000D\000i\000g\000i\000t\000a\000l}{section.2.2}% 14
\BOOKMARK [2][-]{subsection.2.2.2}{\376\377\000M\000e\000d\000i\000a\000\040\000P\000e\000m\000b\000e\000l\000a\000j\000a\000r\000a\000n}{section.2.2}% 15
\BOOKMARK [2][-]{subsection.2.2.3}{\376\377\000V\000i\000s\000u\000a\000l\000i\000s\000a\000s\000i}{section.2.2}% 16
\BOOKMARK [2][-]{subsection.2.2.4}{\376\377\000W\000e\000b}{section.2.2}% 17
\BOOKMARK [2][-]{subsection.2.2.5}{\376\377\000A\000l\000a\000t\000\040\000B\000a\000n\000t\000u\000\040\000P\000e\000n\000g\000e\000m\000b\000a\000n\000g\000a\000n\000\040\000d\000i\000\040\000P\000e\000r\000a\000n\000c\000a\000n\000g\000a\000n\000\040\000S\000i\000s\000t\000e\000m}{section.2.2}% 18
\BOOKMARK [2][-]{subsection.2.2.6}{\376\377\000S\000o\000f\000t\000w\000a\000r\000e\000\040\000P\000e\000n\000d\000u\000k\000u\000n\000g}{section.2.2}% 19
\BOOKMARK [0][-]{chapter.3}{\376\377\000M\000E\000T\000O\000D\000O\000L\000O\000G\000I\000\040\000P\000E\000N\000E\000N\000I\000L\000I\000T\000I\000A\000N}{}% 20
\BOOKMARK [1][-]{section.3.1}{\376\377\000M\000e\000t\000o\000d\000e\000\040\000P\000e\000n\000e\000l\000i\000t\000i\000a\000n}{chapter.3}% 21
\BOOKMARK [2][-]{subsection.3.1.1}{\376\377\000M\000e\000t\000o\000d\000e\000\040\000P\000e\000n\000g\000u\000m\000p\000u\000l\000a\000n\000\040\000D\000a\000t\000a}{section.3.1}% 22
\BOOKMARK [2][-]{subsection.3.1.2}{\376\377\000M\000e\000t\000o\000d\000e\000\040\000P\000e\000n\000g\000e\000m\000b\000a\000n\000g\000a\000n\000\040\000A\000p\000l\000i\000k\000a\000s\000i}{section.3.1}% 23
\BOOKMARK [1][-]{section.3.2}{\376\377\000A\000l\000a\000t\000\040\000d\000a\000n\000\040\000B\000a\000h\000a\000n\000\040\000P\000e\000n\000e\000l\000i\000t\000i\000a\000n}{chapter.3}% 24
\BOOKMARK [2][-]{subsection.3.2.1}{\376\377\000S\000p\000e\000s\000i\000f\000i\000k\000a\000s\000i\000\040\000P\000e\000r\000a\000n\000g\000k\000a\000t\000\040\000K\000e\000r\000a\000s\000\050\000H\000a\000r\000d\000w\000a\000r\000e\000\051}{section.3.2}% 25
\BOOKMARK [2][-]{subsection.3.2.2}{\376\377\000S\000p\000e\000s\000i\000f\000i\000k\000a\000s\000i\000\040\000P\000e\000r\000a\000n\000g\000k\000a\000t\000\040\000L\000u\000n\000a\000k\000\050\000S\000o\000f\000t\000w\000a\000r\000e\000\051}{section.3.2}% 26
\BOOKMARK [0][-]{Item.56}{\376\377\000D\000A\000F\000T\000A\000R\000\040\000P\000U\000S\000T\000A\000K\000A}{}% 27
